

Microchip Technology PIC LITE Macro Assembler V1.33 build 59893 
                                                                                               Wed Feb 18 10:19:51 2026

Microchip Technology Omniscient Code Generator (Lite mode) build 59893
     1                           	processor	16F877A
     2                           	opt	pw 120
     3                           	opt	lm
     4                           	psect	maintext,global,class=CODE,split=1,delta=2
     5                           	psect	cinit,global,class=CODE,merge=1,delta=2
     6                           	psect	cstackCOMMON,global,class=COMMON,space=1,delta=1
     7                           	dabs	1,0x7E,2
     8  0000                     	;# 
     9  0001                     	;# 
    10  0002                     	;# 
    11  0003                     	;# 
    12  0004                     	;# 
    13  0005                     	;# 
    14  0006                     	;# 
    15  0007                     	;# 
    16  0008                     	;# 
    17  0009                     	;# 
    18  000A                     	;# 
    19  000B                     	;# 
    20  000C                     	;# 
    21  000D                     	;# 
    22  000E                     	;# 
    23  000E                     	;# 
    24  000F                     	;# 
    25  0010                     	;# 
    26  0011                     	;# 
    27  0012                     	;# 
    28  0013                     	;# 
    29  0014                     	;# 
    30  0015                     	;# 
    31  0015                     	;# 
    32  0016                     	;# 
    33  0017                     	;# 
    34  0018                     	;# 
    35  0019                     	;# 
    36  001A                     	;# 
    37  001B                     	;# 
    38  001B                     	;# 
    39  001C                     	;# 
    40  001D                     	;# 
    41  001E                     	;# 
    42  001F                     	;# 
    43  0081                     	;# 
    44  0085                     	;# 
    45  0086                     	;# 
    46  0087                     	;# 
    47  0088                     	;# 
    48  0089                     	;# 
    49  008C                     	;# 
    50  008D                     	;# 
    51  008E                     	;# 
    52  0091                     	;# 
    53  0092                     	;# 
    54  0093                     	;# 
    55  0094                     	;# 
    56  0098                     	;# 
    57  0099                     	;# 
    58  009C                     	;# 
    59  009D                     	;# 
    60  009E                     	;# 
    61  009F                     	;# 
    62  010C                     	;# 
    63  010D                     	;# 
    64  010E                     	;# 
    65  010F                     	;# 
    66  018C                     	;# 
    67  018D                     	;# 
    68  0006                     _PORTB	set	6
    69  0028                     _RA0	set	40
    70  009F                     _ADCON1	set	159
    71  0085                     _TRISA	set	133
    72  0086                     _TRISB	set	134
    73                           
    74                           	psect	maintext
    75  078A                     __pmaintext:	
    76                           ; #config settings
    77                           
    78                           
    79                           ;psect for function _main
    80  0000                     
    81 ;;
    82 ;;Main: autosize = 0, tempsize = 0, incstack = 0, save=0
    83 ;;
    84 ;; *************** function _main *****************
    85 ;; Defined at:
    86 ;;		line 12 in file "Z:\Embedded System\CPE3201-DeLaPena\Practical Acitivites\PA1\LE1.c"
    87 ;; Parameters:    Size  Location     Type
    88 ;;		None
    89 ;; Auto vars:     Size  Location     Type
    90 ;;  i               2    0[COMMON] int 
    91 ;;  cnt             2    2[COMMON] int 
    92 ;; Return value:  Size  Location     Type
    93 ;;		None               void
    94 ;; Registers used:
    95 ;;		wreg, status,2, btemp+1
    96 ;; Tracked objects:
    97 ;;		On entry : 17F/0
    98 ;;		On exit  : 0/0
    99 ;;		Unchanged: 0/0
   100 ;; Data sizes:     COMMON   BANK0   BANK1   BANK3   BANK2
   101 ;;      Params:         0       0       0       0       0
   102 ;;      Locals:         4       0       0       0       0
   103 ;;      Temps:          0       0       0       0       0
   104 ;;      Totals:         4       0       0       0       0
   105 ;;Total ram usage:        4 bytes
   106 ;; This function calls:
   107 ;;		Nothing
   108 ;; This function is called by:
   109 ;;		Startup code after reset
   110 ;; This function uses a non-reentrant model
   111 ;;
   112  078A                     _main:	
   113                           
   114                           ;LE1.c: 13: int cnt;
   115                           ;LE1.c: 15: ADCON1 = 0x07;
   116                           
   117                           ;incstack = 0
   118                           ; Regs used in _main: [wreg+status,2+btemp+1]
   119  078A  3007               	movlw	7
   120  078B  1683               	bsf	3,5	;RP0=1, select bank1
   121  078C  1303               	bcf	3,6	;RP1=0, select bank1
   122  078D  009F               	movwf	31	;volatile
   123                           
   124                           ;LE1.c: 16: TRISB = 0x00;
   125  078E  0186               	clrf	6	;volatile
   126                           
   127                           ;LE1.c: 17: TRISA = 0x01;
   128  078F  3001               	movlw	1
   129  0790  0085               	movwf	5	;volatile
   130                           
   131                           ;LE1.c: 18: PORTB = 0x00;
   132  0791  1283               	bcf	3,5	;RP0=0, select bank0
   133  0792  1303               	bcf	3,6	;RP1=0, select bank0
   134  0793  0186               	clrf	6	;volatile
   135  0794                     l489:	
   136                           ;LE1.c: 20: while(1) {
   137                           
   138                           
   139                           ;LE1.c: 21: if (RA0) {
   140  0794  1C05               	btfss	5,0	;volatile
   141  0795  2F94               	goto	l489
   142                           
   143                           ;LE1.c: 22: for (int i = 0; i < 3; i++) {
   144  0796  01F0               	clrf	main@i
   145  0797  01F1               	clrf	main@i+1
   146  0798  0871               	movf	main@i+1,w
   147  0799  3A80               	xorlw	128
   148  079A  00FF               	movwf	127
   149  079B  3080               	movlw	128
   150  079C  027F               	subwf	127,w
   151  079D  1D03               	skipz
   152  079E  2FA1               	goto	u25
   153  079F  3003               	movlw	3
   154  07A0  0270               	subwf	main@i,w
   155  07A1                     u25:	
   156  07A1  1803               	btfsc	3,0
   157  07A2  2FF7               	goto	l21
   158  07A3                     l497:	
   159                           
   160                           ;LE1.c: 23: PORTB = 0x01;
   161  07A3  3001               	movlw	1
   162  07A4  1283               	bcf	3,5	;RP0=0, select bank0
   163  07A5  1303               	bcf	3,6	;RP1=0, select bank0
   164  07A6  0086               	movwf	6	;volatile
   165                           
   166                           ;LE1.c: 24: for (cnt = 0; cnt < 10000; cnt++);
   167  07A7  01F2               	clrf	main@cnt
   168  07A8  01F3               	clrf	main@cnt+1
   169  07A9  0873               	movf	main@cnt+1,w
   170  07AA  3A80               	xorlw	128
   171  07AB  00FF               	movwf	127
   172  07AC  30A7               	movlw	167
   173  07AD  027F               	subwf	127,w
   174  07AE  1D03               	skipz
   175  07AF  2FB2               	goto	u35
   176  07B0  3010               	movlw	16
   177  07B1  0272               	subwf	main@cnt,w
   178  07B2                     u35:	
   179  07B2  1803               	btfsc	3,0
   180  07B3  2FC5               	goto	l509
   181  07B4                     l505:	
   182  07B4  3001               	movlw	1
   183  07B5  07F2               	addwf	main@cnt,f
   184  07B6  1803               	skipnc
   185  07B7  0AF3               	incf	main@cnt+1,f
   186  07B8  3000               	movlw	0
   187  07B9  07F3               	addwf	main@cnt+1,f
   188  07BA  0873               	movf	main@cnt+1,w
   189  07BB  3A80               	xorlw	128
   190  07BC  00FF               	movwf	127
   191  07BD  30A7               	movlw	167
   192  07BE  027F               	subwf	127,w
   193  07BF  1D03               	skipz
   194  07C0  2FC3               	goto	u45
   195  07C1  3010               	movlw	16
   196  07C2  0272               	subwf	main@cnt,w
   197  07C3                     u45:	
   198  07C3  1C03               	skipc
   199  07C4  2FB4               	goto	l505
   200  07C5                     l509:	
   201                           
   202                           ;LE1.c: 25: PORTB = 0x00;
   203  07C5  1283               	bcf	3,5	;RP0=0, select bank0
   204  07C6  1303               	bcf	3,6	;RP1=0, select bank0
   205  07C7  0186               	clrf	6	;volatile
   206                           
   207                           ;LE1.c: 26: for (cnt = 0; cnt < 10000; cnt++);
   208  07C8  01F2               	clrf	main@cnt
   209  07C9  01F3               	clrf	main@cnt+1
   210  07CA  0873               	movf	main@cnt+1,w
   211  07CB  3A80               	xorlw	128
   212  07CC  00FF               	movwf	127
   213  07CD  30A7               	movlw	167
   214  07CE  027F               	subwf	127,w
   215  07CF  1D03               	skipz
   216  07D0  2FD3               	goto	u55
   217  07D1  3010               	movlw	16
   218  07D2  0272               	subwf	main@cnt,w
   219  07D3                     u55:	
   220  07D3  1803               	btfsc	3,0
   221  07D4  2FE6               	goto	l519
   222  07D5                     l515:	
   223  07D5  3001               	movlw	1
   224  07D6  07F2               	addwf	main@cnt,f
   225  07D7  1803               	skipnc
   226  07D8  0AF3               	incf	main@cnt+1,f
   227  07D9  3000               	movlw	0
   228  07DA  07F3               	addwf	main@cnt+1,f
   229  07DB  0873               	movf	main@cnt+1,w
   230  07DC  3A80               	xorlw	128
   231  07DD  00FF               	movwf	127
   232  07DE  30A7               	movlw	167
   233  07DF  027F               	subwf	127,w
   234  07E0  1D03               	skipz
   235  07E1  2FE4               	goto	u65
   236  07E2  3010               	movlw	16
   237  07E3  0272               	subwf	main@cnt,w
   238  07E4                     u65:	
   239  07E4  1C03               	skipc
   240  07E5  2FD5               	goto	l515
   241  07E6                     l519:	
   242  07E6  3001               	movlw	1
   243  07E7  07F0               	addwf	main@i,f
   244  07E8  1803               	skipnc
   245  07E9  0AF1               	incf	main@i+1,f
   246  07EA  3000               	movlw	0
   247  07EB  07F1               	addwf	main@i+1,f
   248  07EC  0871               	movf	main@i+1,w
   249  07ED  3A80               	xorlw	128
   250  07EE  00FF               	movwf	127
   251  07EF  3080               	movlw	128
   252  07F0  027F               	subwf	127,w
   253  07F1  1D03               	skipz
   254  07F2  2FF5               	goto	u75
   255  07F3  3003               	movlw	3
   256  07F4  0270               	subwf	main@i,w
   257  07F5                     u75:	
   258  07F5  1C03               	skipc
   259  07F6  2FA3               	goto	l497
   260  07F7                     l21:	
   261                           ;LE1.c: 27: }
   262                           ;LE1.c: 28: while (RA0);
   263                           
   264  07F7  1283               	bcf	3,5	;RP0=0, select bank0
   265  07F8  1303               	bcf	3,6	;RP1=0, select bank0
   266  07F9  1C05               	btfss	5,0	;volatile
   267  07FA  2F94               	goto	l489
   268  07FB  2FF7               	goto	l21
   269  07FC                     __end_of_main:	
   270  007E                     btemp	set	126	;btemp
   271  007E                     wtemp	set	126
   272  007E                     wtemp0	set	126
   273  0080                     wtemp1	set	128
   274  0082                     wtemp2	set	130
   275  0084                     wtemp3	set	132
   276  0086                     wtemp4	set	134
   277  0088                     wtemp5	set	136
   278  007F                     wtemp6	set	127
   279  007E                     ttemp	set	126
   280  007E                     ttemp0	set	126
   281  0081                     ttemp1	set	129
   282  0084                     ttemp2	set	132
   283  0087                     ttemp3	set	135
   284  007F                     ttemp4	set	127
   285  007E                     ltemp	set	126
   286  007E                     ltemp0	set	126
   287  0082                     ltemp1	set	130
   288  0086                     ltemp2	set	134
   289  0080                     ltemp3	set	128
   290                           
   291                           	psect	cinit
   292  07FC                     start_initialization:	
   293  07FC                     __initialization:	
   294  07FC                     end_of_initialization:	
   295                           ;End of C runtime variable initialization code
   296                           
   297  07FC                     __end_of__initialization:	
   298  07FC  0183               	clrf	3
   299  07FD  120A  118A  2F8A   	ljmp	_main	;jump to C main() function
   300                           
   301                           	psect	cstackCOMMON
   302  0070                     __pcstackCOMMON:	
   303  0070                     ?_main:	
   304  0070                     ??_main:	
   305                           ; 0 bytes @ 0x0
   306                           
   307  0070                     main@i:	
   308                           ; 0 bytes @ 0x0
   309                           
   310                           
   311                           ; 2 bytes @ 0x0
   312  0070                     	ds	2
   313  0072                     main@cnt:	
   314                           
   315                           ; 2 bytes @ 0x2
   316  0072                     	ds	2


Data Sizes:
    Strings     0
    Constant    0
    Data        0
    BSS         0
    Persistent  0
    Stack       0

Auto Spaces:
    Space          Size  Autos    Used
    COMMON           14      4       4
    BANK0            80      0       0
    BANK1            80      0       0
    BANK3            96      0       0
    BANK2            96      0       0

Pointer List with Targets:

    None.

Critical Paths under _main in COMMON

    None.

Critical Paths under _main in BANK0

    None.

Critical Paths under _main in BANK1

    None.

Critical Paths under _main in BANK3

    None.

Critical Paths under _main in BANK2

    None.

Call Graph Tables:

 ---------------------------------------------------------------------------------
 (Depth) Function   	        Calls       Base Space   Used Autos Params    Refs
 ---------------------------------------------------------------------------------
 (0) _main                                                 4     4      0      90
                                              0 COMMON     4     4      0
 ---------------------------------------------------------------------------------
 Estimated maximum stack depth 0
 ---------------------------------------------------------------------------------

 Call Graph Graphs:

 _main (ROOT)

 Address spaces:
Name               Size   Autos  Total    Cost      Usage
BITCOMMON            E      0       0       0        0.0%
EEDATA             100      0       0       0        0.0%
NULL                 0      0       0       0        0.0%
CODE                 0      0       0       0        0.0%
COMMON               E      4       4       1       28.6%
BITSFR0              0      0       0       1        0.0%
SFR0                 0      0       0       1        0.0%
BITSFR1              0      0       0       2        0.0%
SFR1                 0      0       0       2        0.0%
STACK                0      0       0       2        0.0%
ABS                  0      0       0       3        0.0%
BITBANK0            50      0       0       4        0.0%
BITSFR3              0      0       0       4        0.0%
SFR3                 0      0       0       4        0.0%
BANK0               50      0       0       5        0.0%
BITSFR2              0      0       0       5        0.0%
SFR2                 0      0       0       5        0.0%
BITBANK1            50      0       0       6        0.0%
BANK1               50      0       0       7        0.0%
BITBANK3            60      0       0       8        0.0%
BANK3               60      0       0       9        0.0%
BITBANK2            60      0       0      10        0.0%
BANK2               60      0       0      11        0.0%
DATA                 0      0       0      12        0.0%


Microchip Technology PIC Macro Assembler V1.33 build 59893 
Symbol Table                                                                                   Wed Feb 18 10:19:51 2026

            __CFG_CP$OFF 0000                       l21 07F7                       u25 07A1  
                     u35 07B2                       u45 07C3                       u55 07D3  
                     u65 07E4                       u75 07F5                      l505 07B4  
                    l515 07D5                      l509 07C5                      l519 07E6  
                    l497 07A3                      l489 0794                      _RA0 0028  
           __CFG_CPD$OFF 0000             __CFG_FOSC$XT 0000             __CFG_LVP$OFF 0000  
           __CFG_WRT$OFF 0000                     _main 078A                     btemp 007E  
          __CFG_BOREN$ON 0000                     ltemp 007E                     start 0000  
                   ttemp 007E                     wtemp 007E                    ?_main 0070  
          __CFG_WDTE$OFF 0000                    _PORTB 0006                    _TRISA 0085  
                  _TRISB 0086            __CFG_PWRTE$ON 0000                    main@i 0070  
                  ltemp0 007E                    ltemp1 0082                    ltemp2 0086  
                  ltemp3 0080                    ttemp0 007E                    ttemp1 0081  
                  ttemp2 0084                    ttemp3 0087                    ttemp4 007F  
                  status 0003                    wtemp0 007E                    wtemp1 0080  
                  wtemp2 0082                    wtemp3 0084                    wtemp4 0086  
                  wtemp5 0088                    wtemp6 007F          __initialization 07FC  
           __end_of_main 07FC                   ??_main 0070                   _ADCON1 009F  
__end_of__initialization 07FC           __pcstackCOMMON 0070               __pmaintext 078A  
                main@cnt 0072     end_of_initialization 07FC      start_initialization 07FC  
              ___latbits 0002            __size_of_main 0072  
