

Microchip Technology PIC LITE Macro Assembler V1.33 build 59893 
                                                                                               Thu Apr 02 09:19:07 2026

Microchip Technology Omniscient Code Generator (Lite mode) build 59893
     1                           	processor	16F877A
     2                           	opt	pw 120
     3                           	opt	lm
     4                           	psect	strings,global,class=STRING,delta=2
     5                           	psect	cinit,global,class=CODE,merge=1,delta=2
     6                           	psect	bssBANK0,global,class=BANK0,space=1,delta=1
     7                           	psect	cstackCOMMON,global,class=COMMON,space=1,delta=1
     8                           	psect	cstackBANK0,global,class=BANK0,space=1,delta=1
     9                           	psect	maintext,global,class=CODE,split=1,delta=2
    10                           	psect	text1,local,class=CODE,merge=1,delta=2
    11                           	psect	text2,local,class=CODE,merge=1,delta=2
    12                           	psect	text3,local,class=CODE,merge=1,delta=2
    13                           	psect	text4,local,class=CODE,merge=1,delta=2
    14                           	psect	text5,local,class=CODE,merge=1,delta=2
    15                           	psect	text6,local,class=CODE,merge=1,delta=2
    16                           	psect	text7,local,class=CODE,merge=1,delta=2
    17                           	psect	text8,local,class=CODE,merge=1,delta=2
    18                           	psect	text9,local,class=CODE,merge=1,delta=2
    19                           	psect	intentry,global,class=CODE,delta=2
    20                           	dabs	1,0x7E,2
    21  0000                     	;# 
    22  0001                     	;# 
    23  0002                     	;# 
    24  0003                     	;# 
    25  0004                     	;# 
    26  0005                     	;# 
    27  0006                     	;# 
    28  0007                     	;# 
    29  0008                     	;# 
    30  0009                     	;# 
    31  000A                     	;# 
    32  000B                     	;# 
    33  000C                     	;# 
    34  000D                     	;# 
    35  000E                     	;# 
    36  000E                     	;# 
    37  000F                     	;# 
    38  0010                     	;# 
    39  0011                     	;# 
    40  0012                     	;# 
    41  0013                     	;# 
    42  0014                     	;# 
    43  0015                     	;# 
    44  0015                     	;# 
    45  0016                     	;# 
    46  0017                     	;# 
    47  0018                     	;# 
    48  0019                     	;# 
    49  001A                     	;# 
    50  001B                     	;# 
    51  001B                     	;# 
    52  001C                     	;# 
    53  001D                     	;# 
    54  001E                     	;# 
    55  001F                     	;# 
    56  0081                     	;# 
    57  0085                     	;# 
    58  0086                     	;# 
    59  0087                     	;# 
    60  0088                     	;# 
    61  0089                     	;# 
    62  008C                     	;# 
    63  008D                     	;# 
    64  008E                     	;# 
    65  0091                     	;# 
    66  0092                     	;# 
    67  0093                     	;# 
    68  0094                     	;# 
    69  0098                     	;# 
    70  0099                     	;# 
    71  009C                     	;# 
    72  009D                     	;# 
    73  009E                     	;# 
    74  009F                     	;# 
    75  010C                     	;# 
    76  010D                     	;# 
    77  010E                     	;# 
    78  010F                     	;# 
    79  018C                     	;# 
    80  018D                     	;# 
    81  0015                     _CCPR1	set	21
    82  000E                     _TMR1	set	14
    83  0017                     _CCP1CON	set	23
    84  0006                     _PORTB	set	6
    85  0008                     _PORTD	set	8
    86  0010                     _T1CON	set	16
    87  0062                     _CCP1IF	set	98
    88  005F                     _GIE	set	95
    89  005E                     _PEIE	set	94
    90  0028                     _RA0	set	40
    91  0040                     _RD0	set	64
    92  0041                     _RD1	set	65
    93  0042                     _RD2	set	66
    94  0080                     _TMR1ON	set	128
    95  009F                     _ADCON1	set	159
    96  0085                     _TRISA	set	133
    97  0086                     _TRISB	set	134
    98  0087                     _TRISC	set	135
    99  0088                     _TRISD	set	136
   100  0462                     _CCP1IE	set	1122
   101                           
   102                           	psect	strings
   103  021B                     __pstrings:	
   104  021B                     stringtab:	
   105  021B                     __stringtab:	
   106                           
   107                           ;	String table - string pointers are 1 byte each
   108  021B  1BFF               	btfsc	btemp+1,7
   109  021C  2A25               	ljmp	stringcode
   110  021D  1383               	bcf	3,7
   111  021E  187F               	btfsc	btemp+1,0
   112  021F  1783               	bsf	3,7
   113  0220  0800               	movf	0,w
   114  0221  0A84               	incf	4,f
   115  0222  1903               	skipnz
   116  0223  0AFF               	incf	btemp+1,f
   117  0224  0008               	return
   118  0225                     stringcode:	
   119  0225                     stringdir:	
   120  0225  3002               	movlw	high stringdir
   121  0226  008A               	movwf	10
   122  0227  0804               	movf	4,w
   123  0228  0A84               	incf	4,f
   124  0229  0782               	addwf	2,f
   125  022A                     __stringbase:	
   126  022A  3400               	retlw	0
   127  022B                     __end_of__stringtab:	
   128  022B                     __stringdata:	
   129  022B                     STR_1:	
   130  022B  3450               	retlw	80	;'P'
   131  022C  3465               	retlw	101	;'e'
   132  022D  3472               	retlw	114	;'r'
   133  022E  3469               	retlw	105	;'i'
   134  022F  346F               	retlw	111	;'o'
   135  0230  3464               	retlw	100	;'d'
   136  0231  343A               	retlw	58	;':'
   137  0232  3420               	retlw	32	;' '
   138  0233  3400               	retlw	0
   139  0234                     STR_2:	
   140  0234  3420               	retlw	32	;' '
   141  0235  3475               	retlw	117	;'u'
   142  0236  3473               	retlw	115	;'s'
   143  0237  3420               	retlw	32	;' '
   144  0238  3420               	retlw	32	;' '
   145  0239  3420               	retlw	32	;' '
   146  023A  3420               	retlw	32	;' '
   147  023B  3400               	retlw	0
   148  023C                     __end_of__stringdata:	
   149                           
   150                           ; #config settings
   151  0000                     
   152                           	psect	cinit
   153  0015                     start_initialization:	
   154  0015                     __initialization:	
   155                           
   156                           ; Clear objects allocated to BANK0
   157  0015  01C0               	clrf	__pbssBANK0& (0+127)
   158  0016  01C1               	clrf	(__pbssBANK0+1)& (0+127)
   159  0017  01C2               	clrf	(__pbssBANK0+2)& (0+127)
   160  0018  01C3               	clrf	(__pbssBANK0+3)& (0+127)
   161  0019                     end_of_initialization:	
   162                           ;End of C runtime variable initialization code
   163                           
   164  0019                     __end_of__initialization:	
   165  0019  0183               	clrf	3
   166  001A  120A  118A  2890   	ljmp	_main	;jump to C main() function
   167                           
   168                           	psect	bssBANK0
   169  0040                     __pbssBANK0:	
   170  0040                     _period:	
   171  0040                     	ds	4
   172                           
   173                           	psect	cstackCOMMON
   174  0070                     __pcstackCOMMON:	
   175  0070                     ?_instCtrl:	
   176  0070                     ?_dataCtrl:	
   177                           ; 0 bytes @ 0x0
   178                           
   179  0070                     ?_initLCD:	
   180                           ; 0 bytes @ 0x0
   181                           
   182  0070                     ?_ISR:	
   183                           ; 0 bytes @ 0x0
   184                           
   185  0070                     ??_ISR:	
   186                           ; 0 bytes @ 0x0
   187                           
   188  0070                     ?_main:	
   189                           ; 0 bytes @ 0x0
   190                           
   191                           
   192                           ; 0 bytes @ 0x0
   193  0070                     	ds	8
   194                           
   195                           	psect	cstackBANK0
   196  0020                     __pcstackBANK0:	
   197  0020                     ?_delay:	
   198  0020                     ??_instCtrl:	
   199                           ; 0 bytes @ 0x0
   200                           
   201  0020                     ??_dataCtrl:	
   202                           ; 0 bytes @ 0x0
   203                           
   204  0020                     ?___lldiv:	
   205                           ; 0 bytes @ 0x0
   206                           
   207  0020                     ?___llmod:	
   208                           ; 4 bytes @ 0x0
   209                           
   210  0020                     delay@ms:	
   211                           ; 4 bytes @ 0x0
   212                           
   213  0020                     ___lldiv@divisor:	
   214                           ; 2 bytes @ 0x0
   215                           
   216  0020                     ___llmod@divisor:	
   217                           ; 4 bytes @ 0x0
   218                           
   219                           
   220                           ; 4 bytes @ 0x0
   221  0020                     	ds	1
   222  0021                     instCtrl@cmd:	
   223  0021                     dataCtrl@data:	
   224                           ; 1 bytes @ 0x1
   225                           
   226                           
   227                           ; 1 bytes @ 0x1
   228  0021                     	ds	1
   229  0022                     ??_delay:	
   230  0022                     ?_printString:	
   231                           ; 0 bytes @ 0x2
   232                           
   233  0022                     printString@str:	
   234                           ; 0 bytes @ 0x2
   235                           
   236                           
   237                           ; 2 bytes @ 0x2
   238  0022                     	ds	1
   239  0023                     ??_initLCD:	
   240                           
   241                           ; 0 bytes @ 0x3
   242  0023                     	ds	1
   243  0024                     ??_printString:	
   244  0024                     ___lldiv@dividend:	
   245                           ; 0 bytes @ 0x4
   246                           
   247  0024                     ___llmod@dividend:	
   248                           ; 4 bytes @ 0x4
   249                           
   250                           
   251                           ; 4 bytes @ 0x4
   252  0024                     	ds	4
   253  0028                     ??___lldiv:	
   254  0028                     ??___llmod:	
   255                           ; 0 bytes @ 0x8
   256                           
   257                           
   258                           ; 0 bytes @ 0x8
   259  0028                     	ds	1
   260  0029                     ___llmod@counter:	
   261  0029                     ___lldiv@quotient:	
   262                           ; 1 bytes @ 0x9
   263                           
   264                           
   265                           ; 4 bytes @ 0x9
   266  0029                     	ds	4
   267  002D                     ___lldiv@counter:	
   268                           
   269                           ; 1 bytes @ 0xD
   270  002D                     	ds	1
   271  002E                     ?_printNumber:	
   272  002E                     printNumber@val:	
   273                           ; 0 bytes @ 0xE
   274                           
   275                           
   276                           ; 4 bytes @ 0xE
   277  002E                     	ds	4
   278  0032                     ??_printNumber:	
   279                           
   280                           ; 0 bytes @ 0x12
   281  0032                     	ds	1
   282  0033                     printNumber@buffer:	
   283                           
   284                           ; 11 bytes @ 0x13
   285  0033                     	ds	11
   286  003E                     printNumber@i:	
   287                           
   288                           ; 2 bytes @ 0x1E
   289  003E                     	ds	2
   290  0040                     ??_main:	
   291                           
   292                           	psect	maintext
   293  0090                     __pmaintext:	
   294                           ; 0 bytes @ 0x20
   295 ;;
   296 ;;Main: autosize = 0, tempsize = 0, incstack = 0, save=0
   297 ;;
   298 ;; *************** function _main *****************
   299 ;; Defined at:
   300 ;;		line 106 in file "D:\SCHOOL WORKS\3rd year 2nd Sem\Embedded Systems\CPE3201-DeLaPena\Practical Acitivites\PA4\LE 4-6
      +.c"
   301 ;; Parameters:    Size  Location     Type
   302 ;;		None
   303 ;; Auto vars:     Size  Location     Type
   304 ;;		None
   305 ;; Return value:  Size  Location     Type
   306 ;;		None               void
   307 ;; Registers used:
   308 ;;		wreg, fsr0l, fsr0h, status,2, status,0, btemp+1, pclath, cstack
   309 ;; Tracked objects:
   310 ;;		On entry : 17F/0
   311 ;;		On exit  : 0/0
   312 ;;		Unchanged: 0/0
   313 ;; Data sizes:     COMMON   BANK0   BANK1   BANK3   BANK2
   314 ;;      Params:         0       0       0       0       0
   315 ;;      Locals:         0       0       0       0       0
   316 ;;      Temps:          0       0       0       0       0
   317 ;;      Totals:         0       0       0       0       0
   318 ;;Total ram usage:        0 bytes
   319 ;; Hardware stack levels required when called:    4
   320 ;; This function calls:
   321 ;;		_delay
   322 ;;		_initLCD
   323 ;;		_instCtrl
   324 ;;		_printNumber
   325 ;;		_printString
   326 ;; This function is called by:
   327 ;;		Startup code after reset
   328 ;; This function uses a non-reentrant model
   329 ;;
   330                           
   331                           
   332                           ;psect for function _main
   333  0090                     _main:	
   334                           
   335                           ;LE 4-6.c: 108: ADCON1 = 0x07;
   336                           
   337                           ;incstack = 0
   338                           ; Regs used in _main: [wreg-fsr0h+status,2+status,0+btemp+1+pclath+cstack]
   339  0090  3007               	movlw	7
   340  0091  1683               	bsf	3,5	;RP0=1, select bank1
   341  0092  1303               	bcf	3,6	;RP1=0, select bank1
   342  0093  009F               	movwf	31	;volatile
   343                           
   344                           ;LE 4-6.c: 109: PORTB = 0x00;
   345  0094  1283               	bcf	3,5	;RP0=0, select bank0
   346  0095  1303               	bcf	3,6	;RP1=0, select bank0
   347  0096  0186               	clrf	6	;volatile
   348                           
   349                           ;LE 4-6.c: 110: PORTD = 0x00;
   350  0097  0188               	clrf	8	;volatile
   351                           
   352                           ;LE 4-6.c: 113: TRISA = 0x00;
   353  0098  1683               	bsf	3,5	;RP0=1, select bank1
   354  0099  1303               	bcf	3,6	;RP1=0, select bank1
   355  009A  0185               	clrf	5	;volatile
   356                           
   357                           ;LE 4-6.c: 114: TRISB = 0x00;
   358  009B  0186               	clrf	6	;volatile
   359                           
   360                           ;LE 4-6.c: 115: TRISD = 0x00;
   361  009C  0188               	clrf	8	;volatile
   362                           
   363                           ;LE 4-6.c: 116: TRISC = 0x04;
   364  009D  3004               	movlw	4
   365  009E  0087               	movwf	7	;volatile
   366                           
   367                           ;LE 4-6.c: 119: initLCD();
   368  009F  120A  118A  219E  120A  118A  	fcall	_initLCD
   369                           
   370                           ;LE 4-6.c: 122: T1CON = 0x30;
   371  00A4  3030               	movlw	48
   372  00A5  1283               	bcf	3,5	;RP0=0, select bank0
   373  00A6  1303               	bcf	3,6	;RP1=0, select bank0
   374  00A7  0090               	movwf	16	;volatile
   375                           
   376                           ;LE 4-6.c: 123: CCP1CON = 0x05;
   377  00A8  3005               	movlw	5
   378  00A9  0097               	movwf	23	;volatile
   379                           
   380                           ;LE 4-6.c: 126: CCP1IE = 1;
   381  00AA  1683               	bsf	3,5	;RP0=1, select bank1
   382  00AB  1303               	bcf	3,6	;RP1=0, select bank1
   383  00AC  150C               	bsf	12,2	;volatile
   384                           
   385                           ;LE 4-6.c: 127: CCP1IF = 0;
   386  00AD  1283               	bcf	3,5	;RP0=0, select bank0
   387  00AE  1303               	bcf	3,6	;RP1=0, select bank0
   388  00AF  110C               	bcf	12,2	;volatile
   389                           
   390                           ;LE 4-6.c: 128: PEIE = 1;
   391  00B0  170B               	bsf	11,6	;volatile
   392                           
   393                           ;LE 4-6.c: 129: GIE = 1;
   394  00B1  178B               	bsf	11,7	;volatile
   395                           
   396                           ;LE 4-6.c: 132: TMR1ON = 1;
   397  00B2  1410               	bsf	16,0	;volatile
   398  00B3                     l839:	
   399                           ;LE 4-6.c: 134: for(;;)
   400                           
   401                           
   402                           ;LE 4-6.c: 135: {
   403                           ;LE 4-6.c: 137: instCtrl(0xC6);
   404  00B3  30C6               	movlw	198
   405  00B4  120A  118A  2267  120A  118A  	fcall	_instCtrl
   406                           
   407                           ;LE 4-6.c: 138: printString("Period: ");
   408  00B9  3001               	movlw	low (STR_1-__stringbase)
   409  00BA  1283               	bcf	3,5	;RP0=0, select bank0
   410  00BB  1303               	bcf	3,6	;RP1=0, select bank0
   411  00BC  00A2               	movwf	printString@str
   412  00BD  3080               	movlw	128
   413  00BE  00A3               	movwf	printString@str+1
   414  00BF  120A  118A  21F6  120A  118A  	fcall	_printString
   415                           
   416                           ;LE 4-6.c: 140: instCtrl(0x9A);
   417  00C4  309A               	movlw	154
   418  00C5  120A  118A  2267  120A  118A  	fcall	_instCtrl
   419                           
   420                           ;LE 4-6.c: 141: printNumber(period);
   421  00CA  1283               	bcf	3,5	;RP0=0, select bank0
   422  00CB  1303               	bcf	3,6	;RP1=0, select bank0
   423  00CC  0843               	movf	_period+3,w	;volatile
   424  00CD  00B1               	movwf	printNumber@val+3
   425  00CE  0842               	movf	_period+2,w	;volatile
   426  00CF  00B0               	movwf	printNumber@val+2
   427  00D0  0841               	movf	_period+1,w	;volatile
   428  00D1  00AF               	movwf	printNumber@val+1
   429  00D2  0840               	movf	_period,w	;volatile
   430  00D3  00AE               	movwf	printNumber@val
   431  00D4  120A  118A  201D  120A  118A  	fcall	_printNumber
   432                           
   433                           ;LE 4-6.c: 142: printString(" us    ");
   434  00D9  300A               	movlw	low (STR_2-__stringbase)
   435  00DA  1283               	bcf	3,5	;RP0=0, select bank0
   436  00DB  1303               	bcf	3,6	;RP1=0, select bank0
   437  00DC  00A2               	movwf	printString@str
   438  00DD  3080               	movlw	128
   439  00DE  00A3               	movwf	printString@str+1
   440  00DF  120A  118A  21F6  120A  118A  	fcall	_printString
   441                           
   442                           ;LE 4-6.c: 144: delay(100);
   443  00E4  3064               	movlw	100
   444  00E5  1283               	bcf	3,5	;RP0=0, select bank0
   445  00E6  1303               	bcf	3,6	;RP1=0, select bank0
   446  00E7  00A0               	movwf	delay@ms
   447  00E8  3000               	movlw	0
   448  00E9  00A1               	movwf	delay@ms+1
   449  00EA  120A  118A  223C  120A  118A  	fcall	_delay
   450                           
   451                           ;LE 4-6.c: 145: }
   452  00EF  28B3               	goto	l839
   453  00F0                     __end_of_main:	
   454                           
   455                           	psect	text1
   456  001D                     __ptext1:	
   457 ;; *************** function _printNumber *****************
   458 ;; Defined at:
   459 ;;		line 63 in file "D:\SCHOOL WORKS\3rd year 2nd Sem\Embedded Systems\CPE3201-DeLaPena\Practical Acitivites\PA4\LE 4-6.
      +c"
   460 ;; Parameters:    Size  Location     Type
   461 ;;  val             4   14[BANK0 ] unsigned long 
   462 ;; Auto vars:     Size  Location     Type
   463 ;;  buffer         11   19[BANK0 ] unsigned char [11]
   464 ;;  i               2   30[BANK0 ] int 
   465 ;; Return value:  Size  Location     Type
   466 ;;		None               void
   467 ;; Registers used:
   468 ;;		wreg, fsr0l, fsr0h, status,2, status,0, btemp+1, pclath, cstack
   469 ;; Tracked objects:
   470 ;;		On entry : 0/0
   471 ;;		On exit  : 0/0
   472 ;;		Unchanged: 0/0
   473 ;; Data sizes:     COMMON   BANK0   BANK1   BANK3   BANK2
   474 ;;      Params:         0       4       0       0       0
   475 ;;      Locals:         0      13       0       0       0
   476 ;;      Temps:          0       1       0       0       0
   477 ;;      Totals:         0      18       0       0       0
   478 ;;Total ram usage:       18 bytes
   479 ;; Hardware stack levels used:    1
   480 ;; Hardware stack levels required when called:    3
   481 ;; This function calls:
   482 ;;		___lldiv
   483 ;;		___llmod
   484 ;;		_printString
   485 ;; This function is called by:
   486 ;;		_main
   487 ;; This function uses a non-reentrant model
   488 ;;
   489                           
   490                           
   491                           ;psect for function _printNumber
   492  001D                     _printNumber:	
   493                           
   494                           ;LE 4-6.c: 64: char buffer[11];
   495                           ;LE 4-6.c: 65: buffer[10] = '\0';
   496                           
   497                           ;incstack = 0
   498                           ; Regs used in _printNumber: [wreg-fsr0h+status,2+status,0+btemp+1+pclath+cstack]
   499  001D  1283               	bcf	3,5	;RP0=0, select bank0
   500  001E  1303               	bcf	3,6	;RP1=0, select bank0
   501  001F  01BD               	clrf	printNumber@buffer+10
   502                           
   503                           ;LE 4-6.c: 66: int i = 9;
   504  0020  3009               	movlw	9
   505  0021  00BE               	movwf	printNumber@i
   506  0022  3000               	movlw	0
   507  0023  00BF               	movwf	printNumber@i+1
   508                           
   509                           ;LE 4-6.c: 68: if (val == 0) {
   510  0024  0831               	movf	printNumber@val+3,w
   511  0025  0430               	iorwf	printNumber@val+2,w
   512  0026  042F               	iorwf	printNumber@val+1,w
   513  0027  042E               	iorwf	printNumber@val,w
   514  0028  1D03               	skipz
   515  0029  287E               	goto	l791
   516                           
   517                           ;LE 4-6.c: 69: buffer[i--] = '0';
   518  002A  3030               	movlw	48
   519  002B  00B2               	movwf	??_printNumber
   520  002C  083E               	movf	printNumber@i,w
   521  002D  3E33               	addlw	printNumber@buffer& (0+255)
   522  002E  0084               	movwf	4
   523  002F  0832               	movf	??_printNumber,w
   524  0030  1383               	bcf	3,7	;select IRP bank0
   525  0031  0080               	movwf	0
   526  0032  30FF               	movlw	255
   527  0033  07BE               	addwf	printNumber@i,f
   528  0034  1803               	skipnc
   529  0035  0ABF               	incf	printNumber@i+1,f
   530  0036  30FF               	movlw	255
   531  0037  07BF               	addwf	printNumber@i+1,f
   532                           
   533                           ;LE 4-6.c: 70: } else {
   534  0038  2886               	goto	l795
   535  0039                     l785:	
   536                           ;LE 4-6.c: 72: while (val > 0 && i >= 0) {
   537                           
   538                           
   539                           ;LE 4-6.c: 73: buffer[i--] = (val % 10) + '0';
   540  0039  3000               	movlw	0
   541  003A  00A3               	movwf	___llmod@divisor+3
   542  003B  3000               	movlw	0
   543  003C  00A2               	movwf	___llmod@divisor+2
   544  003D  3000               	movlw	0
   545  003E  00A1               	movwf	___llmod@divisor+1
   546  003F  300A               	movlw	10
   547  0040  00A0               	movwf	___llmod@divisor
   548  0041  0831               	movf	printNumber@val+3,w
   549  0042  00A7               	movwf	___llmod@dividend+3
   550  0043  0830               	movf	printNumber@val+2,w
   551  0044  00A6               	movwf	___llmod@dividend+2
   552  0045  082F               	movf	printNumber@val+1,w
   553  0046  00A5               	movwf	___llmod@dividend+1
   554  0047  082E               	movf	printNumber@val,w
   555  0048  00A4               	movwf	___llmod@dividend
   556  0049  120A  118A  2150  120A  118A  	fcall	___llmod
   557  004E  1283               	bcf	3,5	;RP0=0, select bank0
   558  004F  1303               	bcf	3,6	;RP1=0, select bank0
   559  0050  0820               	movf	?___llmod,w
   560  0051  3E30               	addlw	48
   561  0052  00B2               	movwf	??_printNumber
   562  0053  083E               	movf	printNumber@i,w
   563  0054  3E33               	addlw	printNumber@buffer& (0+255)
   564  0055  0084               	movwf	4
   565  0056  0832               	movf	??_printNumber,w
   566  0057  1383               	bcf	3,7	;select IRP bank0
   567  0058  0080               	movwf	0
   568  0059  30FF               	movlw	255
   569  005A  07BE               	addwf	printNumber@i,f
   570  005B  1803               	skipnc
   571  005C  0ABF               	incf	printNumber@i+1,f
   572  005D  30FF               	movlw	255
   573  005E  07BF               	addwf	printNumber@i+1,f
   574                           
   575                           ;LE 4-6.c: 74: val /= 10;
   576  005F  3000               	movlw	0
   577  0060  00A3               	movwf	___lldiv@divisor+3
   578  0061  3000               	movlw	0
   579  0062  00A2               	movwf	___lldiv@divisor+2
   580  0063  3000               	movlw	0
   581  0064  00A1               	movwf	___lldiv@divisor+1
   582  0065  300A               	movlw	10
   583  0066  00A0               	movwf	___lldiv@divisor
   584  0067  0831               	movf	printNumber@val+3,w
   585  0068  00A7               	movwf	___lldiv@dividend+3
   586  0069  0830               	movf	printNumber@val+2,w
   587  006A  00A6               	movwf	___lldiv@dividend+2
   588  006B  082F               	movf	printNumber@val+1,w
   589  006C  00A5               	movwf	___lldiv@dividend+1
   590  006D  082E               	movf	printNumber@val,w
   591  006E  00A4               	movwf	___lldiv@dividend
   592  006F  120A  118A  20F0  120A  118A  	fcall	___lldiv
   593  0074  1283               	bcf	3,5	;RP0=0, select bank0
   594  0075  1303               	bcf	3,6	;RP1=0, select bank0
   595  0076  0823               	movf	?___lldiv+3,w
   596  0077  00B1               	movwf	printNumber@val+3
   597  0078  0822               	movf	?___lldiv+2,w
   598  0079  00B0               	movwf	printNumber@val+2
   599  007A  0821               	movf	?___lldiv+1,w
   600  007B  00AF               	movwf	printNumber@val+1
   601  007C  0820               	movf	?___lldiv,w
   602  007D  00AE               	movwf	printNumber@val
   603  007E                     l791:	
   604  007E  0831               	movf	printNumber@val+3,w
   605  007F  0430               	iorwf	printNumber@val+2,w
   606  0080  042F               	iorwf	printNumber@val+1,w
   607  0081  042E               	iorwf	printNumber@val,w
   608  0082  1903               	skipnz
   609  0083  2886               	goto	l795
   610  0084  1FBF               	btfss	printNumber@i+1,7
   611  0085  2839               	goto	l785
   612  0086                     l795:	
   613                           
   614                           ;LE 4-6.c: 75: }
   615                           ;LE 4-6.c: 76: }
   616                           ;LE 4-6.c: 78: printString(&buffer[i + 1]);
   617  0086  083E               	movf	printNumber@i,w
   618  0087  3E01               	addlw	1
   619  0088  3E33               	addlw	printNumber@buffer& (0+255)
   620  0089  00A2               	movwf	printString@str
   621  008A  3000               	movlw	0
   622  008B  00A3               	movwf	printString@str+1
   623  008C  120A  118A  21F6   	fcall	_printString
   624  008F  0008               	return
   625  0090                     __end_of_printNumber:	
   626                           
   627                           	psect	text2
   628  01F6                     __ptext2:	
   629 ;; *************** function _printString *****************
   630 ;; Defined at:
   631 ;;		line 55 in file "D:\SCHOOL WORKS\3rd year 2nd Sem\Embedded Systems\CPE3201-DeLaPena\Practical Acitivites\PA4\LE 4-6.
      +c"
   632 ;; Parameters:    Size  Location     Type
   633 ;;  str             2    2[BANK0 ] PTR const unsigned char 
   634 ;;		 -> STR_2(8), STR_1(9), printNumber@buffer(11), 
   635 ;; Auto vars:     Size  Location     Type
   636 ;;		None
   637 ;; Return value:  Size  Location     Type
   638 ;;		None               void
   639 ;; Registers used:
   640 ;;		wreg, fsr0l, fsr0h, status,2, status,0, btemp+1, pclath, cstack
   641 ;; Tracked objects:
   642 ;;		On entry : 0/0
   643 ;;		On exit  : 0/0
   644 ;;		Unchanged: 0/0
   645 ;; Data sizes:     COMMON   BANK0   BANK1   BANK3   BANK2
   646 ;;      Params:         0       2       0       0       0
   647 ;;      Locals:         0       0       0       0       0
   648 ;;      Temps:          0       0       0       0       0
   649 ;;      Totals:         0       2       0       0       0
   650 ;;Total ram usage:        2 bytes
   651 ;; Hardware stack levels used:    1
   652 ;; Hardware stack levels required when called:    2
   653 ;; This function calls:
   654 ;;		_dataCtrl
   655 ;; This function is called by:
   656 ;;		_printNumber
   657 ;;		_main
   658 ;; This function uses a non-reentrant model
   659 ;;
   660                           
   661                           
   662                           ;psect for function _printString
   663  01F6                     _printString:	
   664  01F6                     l727:	
   665                           ;LE 4-6.c: 57: while(*str) {
   666                           
   667                           ;incstack = 0
   668                           ; Regs used in _printString: [wreg-fsr0h+status,2+status,0+btemp+1+pclath+cstack]
   669                           
   670  01F6  1283               	bcf	3,5	;RP0=0, select bank0
   671  01F7  1303               	bcf	3,6	;RP1=0, select bank0
   672  01F8  0823               	movf	printString@str+1,w
   673  01F9  00FF               	movwf	127
   674  01FA  0822               	movf	printString@str,w
   675  01FB  0084               	movwf	4
   676  01FC  120A  118A  221B  120A  118A  	fcall	stringtab
   677  0201  3800               	iorlw	0
   678  0202  1903               	btfsc	3,2
   679  0203  0008               	return
   680                           
   681                           ;LE 4-6.c: 58: dataCtrl(*str++);
   682  0204  1283               	bcf	3,5	;RP0=0, select bank0
   683  0205  1303               	bcf	3,6	;RP1=0, select bank0
   684  0206  0823               	movf	printString@str+1,w
   685  0207  00FF               	movwf	127
   686  0208  0822               	movf	printString@str,w
   687  0209  0084               	movwf	4
   688  020A  120A  118A  221B  120A  118A  	fcall	stringtab
   689  020F  120A  118A  2256  120A  118A  	fcall	_dataCtrl
   690  0214  3001               	movlw	1
   691  0215  1283               	bcf	3,5	;RP0=0, select bank0
   692  0216  1303               	bcf	3,6	;RP1=0, select bank0
   693  0217  07A2               	addwf	printString@str,f
   694  0218  1803               	skipnc
   695  0219  0AA3               	incf	printString@str+1,f
   696  021A  29F6               	goto	l727
   697  021B                     __end_of_printString:	
   698                           
   699                           	psect	text3
   700  0256                     __ptext3:	
   701 ;; *************** function _dataCtrl *****************
   702 ;; Defined at:
   703 ;;		line 35 in file "D:\SCHOOL WORKS\3rd year 2nd Sem\Embedded Systems\CPE3201-DeLaPena\Practical Acitivites\PA4\LE 4-6.
      +c"
   704 ;; Parameters:    Size  Location     Type
   705 ;;  data            1    wreg     unsigned char 
   706 ;; Auto vars:     Size  Location     Type
   707 ;;  data            1    1[BANK0 ] unsigned char 
   708 ;; Return value:  Size  Location     Type
   709 ;;		None               void
   710 ;; Registers used:
   711 ;;		wreg
   712 ;; Tracked objects:
   713 ;;		On entry : 0/0
   714 ;;		On exit  : 0/0
   715 ;;		Unchanged: 0/0
   716 ;; Data sizes:     COMMON   BANK0   BANK1   BANK3   BANK2
   717 ;;      Params:         0       0       0       0       0
   718 ;;      Locals:         0       1       0       0       0
   719 ;;      Temps:          0       1       0       0       0
   720 ;;      Totals:         0       2       0       0       0
   721 ;;Total ram usage:        2 bytes
   722 ;; Hardware stack levels used:    1
   723 ;; Hardware stack levels required when called:    1
   724 ;; This function calls:
   725 ;;		Nothing
   726 ;; This function is called by:
   727 ;;		_printString
   728 ;; This function uses a non-reentrant model
   729 ;;
   730                           
   731                           
   732                           ;psect for function _dataCtrl
   733  0256                     _dataCtrl:	
   734                           
   735                           ;incstack = 0
   736                           ; Regs used in _dataCtrl: [wreg]
   737                           ;dataCtrl@data stored from wreg
   738  0256  1283               	bcf	3,5	;RP0=0, select bank0
   739  0257  1303               	bcf	3,6	;RP1=0, select bank0
   740  0258  00A1               	movwf	dataCtrl@data
   741                           
   742                           ;LE 4-6.c: 36: PORTB = data;
   743  0259  0821               	movf	dataCtrl@data,w
   744  025A  0086               	movwf	6	;volatile
   745                           
   746                           ;LE 4-6.c: 38: RD0 = 1;
   747  025B  1408               	bsf	8,0	;volatile
   748                           
   749                           ;LE 4-6.c: 39: RD2 = 0;
   750  025C  1108               	bcf	8,2	;volatile
   751                           
   752                           ;LE 4-6.c: 40: RD1 = 1;
   753  025D  1488               	bsf	8,1	;volatile
   754                           
   755                           ;LE 4-6.c: 41: _delay((unsigned long)((50)*(4000000UL/4000000.0)));
   756  025E  3010               	movlw	16
   757  025F  00A0               	movwf	??_dataCtrl
   758  0260                     u417:	
   759  0260  0BA0               	decfsz	??_dataCtrl,f
   760  0261  2A60               	goto	u417
   761  0262  0000               	nop
   762                           
   763                           ;LE 4-6.c: 42: RD1 = 0;
   764  0263  1283               	bcf	3,5	;RP0=0, select bank0
   765  0264  1303               	bcf	3,6	;RP1=0, select bank0
   766  0265  1088               	bcf	8,1	;volatile
   767  0266  0008               	return
   768  0267                     __end_of_dataCtrl:	
   769                           
   770                           	psect	text4
   771  0150                     __ptext4:	
   772 ;; *************** function ___llmod *****************
   773 ;; Defined at:
   774 ;;		line 6 in file "C:\Program Files (x86)\Microchip\xc8\v1.33\sources\common\llmod.c"
   775 ;; Parameters:    Size  Location     Type
   776 ;;  divisor         4    0[BANK0 ] unsigned long 
   777 ;;  dividend        4    4[BANK0 ] unsigned long 
   778 ;; Auto vars:     Size  Location     Type
   779 ;;  counter         1    9[BANK0 ] unsigned char 
   780 ;; Return value:  Size  Location     Type
   781 ;;                  4    0[BANK0 ] unsigned long 
   782 ;; Registers used:
   783 ;;		wreg, status,2, status,0
   784 ;; Tracked objects:
   785 ;;		On entry : 0/0
   786 ;;		On exit  : 0/0
   787 ;;		Unchanged: 0/0
   788 ;; Data sizes:     COMMON   BANK0   BANK1   BANK3   BANK2
   789 ;;      Params:         0       8       0       0       0
   790 ;;      Locals:         0       1       0       0       0
   791 ;;      Temps:          0       1       0       0       0
   792 ;;      Totals:         0      10       0       0       0
   793 ;;Total ram usage:       10 bytes
   794 ;; Hardware stack levels used:    1
   795 ;; Hardware stack levels required when called:    1
   796 ;; This function calls:
   797 ;;		Nothing
   798 ;; This function is called by:
   799 ;;		_printNumber
   800 ;; This function uses a non-reentrant model
   801 ;;
   802                           
   803                           
   804                           ;psect for function ___llmod
   805  0150                     ___llmod:	
   806                           
   807                           ;incstack = 0
   808                           ; Regs used in ___llmod: [wreg+status,2+status,0]
   809  0150  1283               	bcf	3,5	;RP0=0, select bank0
   810  0151  1303               	bcf	3,6	;RP1=0, select bank0
   811  0152  0823               	movf	___llmod@divisor+3,w
   812  0153  0422               	iorwf	___llmod@divisor+2,w
   813  0154  0421               	iorwf	___llmod@divisor+1,w
   814  0155  0420               	iorwf	___llmod@divisor,w
   815  0156  1903               	skipnz
   816  0157  2995               	goto	l769
   817  0158  01A9               	clrf	___llmod@counter
   818  0159  0AA9               	incf	___llmod@counter,f
   819  015A                     l759:	
   820  015A  1BA3               	btfsc	___llmod@divisor+3,7
   821  015B  296A               	goto	l761
   822  015C  3001               	movlw	1
   823  015D  00A8               	movwf	??___llmod
   824  015E                     u315:	
   825  015E  1003               	clrc
   826  015F  0DA0               	rlf	___llmod@divisor,f
   827  0160  0DA1               	rlf	___llmod@divisor+1,f
   828  0161  0DA2               	rlf	___llmod@divisor+2,f
   829  0162  0DA3               	rlf	___llmod@divisor+3,f
   830  0163  0BA8               	decfsz	??___llmod,f
   831  0164  295E               	goto	u315
   832  0165  3001               	movlw	1
   833  0166  00A8               	movwf	??___llmod
   834  0167  0828               	movf	??___llmod,w
   835  0168  07A9               	addwf	___llmod@counter,f
   836  0169  295A               	goto	l759
   837  016A                     l761:	
   838  016A  0823               	movf	___llmod@divisor+3,w
   839  016B  0227               	subwf	___llmod@dividend+3,w
   840  016C  1D03               	skipz
   841  016D  2978               	goto	u335
   842  016E  0822               	movf	___llmod@divisor+2,w
   843  016F  0226               	subwf	___llmod@dividend+2,w
   844  0170  1D03               	skipz
   845  0171  2978               	goto	u335
   846  0172  0821               	movf	___llmod@divisor+1,w
   847  0173  0225               	subwf	___llmod@dividend+1,w
   848  0174  1D03               	skipz
   849  0175  2978               	goto	u335
   850  0176  0820               	movf	___llmod@divisor,w
   851  0177  0224               	subwf	___llmod@dividend,w
   852  0178                     u335:	
   853  0178  1C03               	skipc
   854  0179  2988               	goto	l765
   855  017A  0820               	movf	___llmod@divisor,w
   856  017B  02A4               	subwf	___llmod@dividend,f
   857  017C  0821               	movf	___llmod@divisor+1,w
   858  017D  1C03               	skipc
   859  017E  0F21               	incfsz	___llmod@divisor+1,w
   860  017F  02A5               	subwf	___llmod@dividend+1,f
   861  0180  0822               	movf	___llmod@divisor+2,w
   862  0181  1C03               	skipc
   863  0182  0F22               	incfsz	___llmod@divisor+2,w
   864  0183  02A6               	subwf	___llmod@dividend+2,f
   865  0184  0823               	movf	___llmod@divisor+3,w
   866  0185  1C03               	skipc
   867  0186  0F23               	incfsz	___llmod@divisor+3,w
   868  0187  02A7               	subwf	___llmod@dividend+3,f
   869  0188                     l765:	
   870  0188  3001               	movlw	1
   871  0189                     u345:	
   872  0189  1003               	clrc
   873  018A  0CA3               	rrf	___llmod@divisor+3,f
   874  018B  0CA2               	rrf	___llmod@divisor+2,f
   875  018C  0CA1               	rrf	___llmod@divisor+1,f
   876  018D  0CA0               	rrf	___llmod@divisor,f
   877  018E  3EFF               	addlw	-1
   878  018F  1D03               	skipz
   879  0190  2989               	goto	u345
   880  0191  3001               	movlw	1
   881  0192  02A9               	subwf	___llmod@counter,f
   882  0193  1D03               	btfss	3,2
   883  0194  296A               	goto	l761
   884  0195                     l769:	
   885  0195  0827               	movf	___llmod@dividend+3,w
   886  0196  00A3               	movwf	?___llmod+3
   887  0197  0826               	movf	___llmod@dividend+2,w
   888  0198  00A2               	movwf	?___llmod+2
   889  0199  0825               	movf	___llmod@dividend+1,w
   890  019A  00A1               	movwf	?___llmod+1
   891  019B  0824               	movf	___llmod@dividend,w
   892  019C  00A0               	movwf	?___llmod
   893  019D  0008               	return
   894  019E                     __end_of___llmod:	
   895                           
   896                           	psect	text5
   897  00F0                     __ptext5:	
   898 ;; *************** function ___lldiv *****************
   899 ;; Defined at:
   900 ;;		line 6 in file "C:\Program Files (x86)\Microchip\xc8\v1.33\sources\common\lldiv.c"
   901 ;; Parameters:    Size  Location     Type
   902 ;;  divisor         4    0[BANK0 ] unsigned long 
   903 ;;  dividend        4    4[BANK0 ] unsigned long 
   904 ;; Auto vars:     Size  Location     Type
   905 ;;  quotient        4    9[BANK0 ] unsigned long 
   906 ;;  counter         1   13[BANK0 ] unsigned char 
   907 ;; Return value:  Size  Location     Type
   908 ;;                  4    0[BANK0 ] unsigned long 
   909 ;; Registers used:
   910 ;;		wreg, status,2, status,0
   911 ;; Tracked objects:
   912 ;;		On entry : 0/0
   913 ;;		On exit  : 0/0
   914 ;;		Unchanged: 0/0
   915 ;; Data sizes:     COMMON   BANK0   BANK1   BANK3   BANK2
   916 ;;      Params:         0       8       0       0       0
   917 ;;      Locals:         0       5       0       0       0
   918 ;;      Temps:          0       1       0       0       0
   919 ;;      Totals:         0      14       0       0       0
   920 ;;Total ram usage:       14 bytes
   921 ;; Hardware stack levels used:    1
   922 ;; Hardware stack levels required when called:    1
   923 ;; This function calls:
   924 ;;		Nothing
   925 ;; This function is called by:
   926 ;;		_printNumber
   927 ;; This function uses a non-reentrant model
   928 ;;
   929                           
   930                           
   931                           ;psect for function ___lldiv
   932  00F0                     ___lldiv:	
   933                           
   934                           ;incstack = 0
   935                           ; Regs used in ___lldiv: [wreg+status,2+status,0]
   936  00F0  3000               	movlw	0
   937  00F1  1283               	bcf	3,5	;RP0=0, select bank0
   938  00F2  1303               	bcf	3,6	;RP1=0, select bank0
   939  00F3  00AC               	movwf	___lldiv@quotient+3
   940  00F4  3000               	movlw	0
   941  00F5  00AB               	movwf	___lldiv@quotient+2
   942  00F6  3000               	movlw	0
   943  00F7  00AA               	movwf	___lldiv@quotient+1
   944  00F8  3000               	movlw	0
   945  00F9  00A9               	movwf	___lldiv@quotient
   946  00FA  0823               	movf	___lldiv@divisor+3,w
   947  00FB  0422               	iorwf	___lldiv@divisor+2,w
   948  00FC  0421               	iorwf	___lldiv@divisor+1,w
   949  00FD  0420               	iorwf	___lldiv@divisor,w
   950  00FE  1903               	skipnz
   951  00FF  2947               	goto	l749
   952  0100  01AD               	clrf	___lldiv@counter
   953  0101  0AAD               	incf	___lldiv@counter,f
   954  0102                     l735:	
   955  0102  1BA3               	btfsc	___lldiv@divisor+3,7
   956  0103  2912               	goto	l737
   957  0104  3001               	movlw	1
   958  0105  00A8               	movwf	??___lldiv
   959  0106                     u245:	
   960  0106  1003               	clrc
   961  0107  0DA0               	rlf	___lldiv@divisor,f
   962  0108  0DA1               	rlf	___lldiv@divisor+1,f
   963  0109  0DA2               	rlf	___lldiv@divisor+2,f
   964  010A  0DA3               	rlf	___lldiv@divisor+3,f
   965  010B  0BA8               	decfsz	??___lldiv,f
   966  010C  2906               	goto	u245
   967  010D  3001               	movlw	1
   968  010E  00A8               	movwf	??___lldiv
   969  010F  0828               	movf	??___lldiv,w
   970  0110  07AD               	addwf	___lldiv@counter,f
   971  0111  2902               	goto	l735
   972  0112                     l737:	
   973  0112  3001               	movlw	1
   974  0113  00A8               	movwf	??___lldiv
   975  0114                     u265:	
   976  0114  1003               	clrc
   977  0115  0DA9               	rlf	___lldiv@quotient,f
   978  0116  0DAA               	rlf	___lldiv@quotient+1,f
   979  0117  0DAB               	rlf	___lldiv@quotient+2,f
   980  0118  0DAC               	rlf	___lldiv@quotient+3,f
   981  0119  0BA8               	decfsz	??___lldiv,f
   982  011A  2914               	goto	u265
   983  011B  0823               	movf	___lldiv@divisor+3,w
   984  011C  0227               	subwf	___lldiv@dividend+3,w
   985  011D  1D03               	skipz
   986  011E  2929               	goto	u275
   987  011F  0822               	movf	___lldiv@divisor+2,w
   988  0120  0226               	subwf	___lldiv@dividend+2,w
   989  0121  1D03               	skipz
   990  0122  2929               	goto	u275
   991  0123  0821               	movf	___lldiv@divisor+1,w
   992  0124  0225               	subwf	___lldiv@dividend+1,w
   993  0125  1D03               	skipz
   994  0126  2929               	goto	u275
   995  0127  0820               	movf	___lldiv@divisor,w
   996  0128  0224               	subwf	___lldiv@dividend,w
   997  0129                     u275:	
   998  0129  1C03               	skipc
   999  012A  293A               	goto	l745
  1000  012B  0820               	movf	___lldiv@divisor,w
  1001  012C  02A4               	subwf	___lldiv@dividend,f
  1002  012D  0821               	movf	___lldiv@divisor+1,w
  1003  012E  1C03               	skipc
  1004  012F  0F21               	incfsz	___lldiv@divisor+1,w
  1005  0130  02A5               	subwf	___lldiv@dividend+1,f
  1006  0131  0822               	movf	___lldiv@divisor+2,w
  1007  0132  1C03               	skipc
  1008  0133  0F22               	incfsz	___lldiv@divisor+2,w
  1009  0134  02A6               	subwf	___lldiv@dividend+2,f
  1010  0135  0823               	movf	___lldiv@divisor+3,w
  1011  0136  1C03               	skipc
  1012  0137  0F23               	incfsz	___lldiv@divisor+3,w
  1013  0138  02A7               	subwf	___lldiv@dividend+3,f
  1014  0139  1429               	bsf	___lldiv@quotient,0
  1015  013A                     l745:	
  1016  013A  3001               	movlw	1
  1017  013B                     u285:	
  1018  013B  1003               	clrc
  1019  013C  0CA3               	rrf	___lldiv@divisor+3,f
  1020  013D  0CA2               	rrf	___lldiv@divisor+2,f
  1021  013E  0CA1               	rrf	___lldiv@divisor+1,f
  1022  013F  0CA0               	rrf	___lldiv@divisor,f
  1023  0140  3EFF               	addlw	-1
  1024  0141  1D03               	skipz
  1025  0142  293B               	goto	u285
  1026  0143  3001               	movlw	1
  1027  0144  02AD               	subwf	___lldiv@counter,f
  1028  0145  1D03               	btfss	3,2
  1029  0146  2912               	goto	l737
  1030  0147                     l749:	
  1031  0147  082C               	movf	___lldiv@quotient+3,w
  1032  0148  00A3               	movwf	?___lldiv+3
  1033  0149  082B               	movf	___lldiv@quotient+2,w
  1034  014A  00A2               	movwf	?___lldiv+2
  1035  014B  082A               	movf	___lldiv@quotient+1,w
  1036  014C  00A1               	movwf	?___lldiv+1
  1037  014D  0829               	movf	___lldiv@quotient,w
  1038  014E  00A0               	movwf	?___lldiv
  1039  014F  0008               	return
  1040  0150                     __end_of___lldiv:	
  1041                           
  1042                           	psect	text6
  1043  019E                     __ptext6:	
  1044 ;; *************** function _initLCD *****************
  1045 ;; Defined at:
  1046 ;;		line 45 in file "D:\SCHOOL WORKS\3rd year 2nd Sem\Embedded Systems\CPE3201-DeLaPena\Practical Acitivites\PA4\LE 4-6.
      +c"
  1047 ;; Parameters:    Size  Location     Type
  1048 ;;		None
  1049 ;; Auto vars:     Size  Location     Type
  1050 ;;		None
  1051 ;; Return value:  Size  Location     Type
  1052 ;;		None               void
  1053 ;; Registers used:
  1054 ;;		wreg, status,2, status,0, pclath, cstack
  1055 ;; Tracked objects:
  1056 ;;		On entry : 0/0
  1057 ;;		On exit  : 0/0
  1058 ;;		Unchanged: 0/0
  1059 ;; Data sizes:     COMMON   BANK0   BANK1   BANK3   BANK2
  1060 ;;      Params:         0       0       0       0       0
  1061 ;;      Locals:         0       0       0       0       0
  1062 ;;      Temps:          0       0       0       0       0
  1063 ;;      Totals:         0       0       0       0       0
  1064 ;;Total ram usage:        0 bytes
  1065 ;; Hardware stack levels used:    1
  1066 ;; Hardware stack levels required when called:    2
  1067 ;; This function calls:
  1068 ;;		_delay
  1069 ;;		_instCtrl
  1070 ;; This function is called by:
  1071 ;;		_main
  1072 ;; This function uses a non-reentrant model
  1073 ;;
  1074                           
  1075                           
  1076                           ;psect for function _initLCD
  1077  019E                     _initLCD:	
  1078                           
  1079                           ;LE 4-6.c: 47: delay(20);
  1080                           
  1081                           ;incstack = 0
  1082                           ; Regs used in _initLCD: [wreg+status,2+status,0+pclath+cstack]
  1083  019E  3014               	movlw	20
  1084  019F  1283               	bcf	3,5	;RP0=0, select bank0
  1085  01A0  1303               	bcf	3,6	;RP1=0, select bank0
  1086  01A1  00A0               	movwf	delay@ms
  1087  01A2  3000               	movlw	0
  1088  01A3  00A1               	movwf	delay@ms+1
  1089  01A4  120A  118A  223C  120A  118A  	fcall	_delay
  1090                           
  1091                           ;LE 4-6.c: 48: instCtrl(0x38);
  1092  01A9  3038               	movlw	56
  1093  01AA  120A  118A  2267  120A  118A  	fcall	_instCtrl
  1094                           
  1095                           ;LE 4-6.c: 49: instCtrl(0x0C);
  1096  01AF  300C               	movlw	12
  1097  01B0  120A  118A  2267  120A  118A  	fcall	_instCtrl
  1098                           
  1099                           ;LE 4-6.c: 50: instCtrl(0x01);
  1100  01B5  3001               	movlw	1
  1101  01B6  120A  118A  2267  120A  118A  	fcall	_instCtrl
  1102                           
  1103                           ;LE 4-6.c: 51: delay(2);
  1104  01BB  3002               	movlw	2
  1105  01BC  1283               	bcf	3,5	;RP0=0, select bank0
  1106  01BD  1303               	bcf	3,6	;RP1=0, select bank0
  1107  01BE  00A0               	movwf	delay@ms
  1108  01BF  3000               	movlw	0
  1109  01C0  00A1               	movwf	delay@ms+1
  1110  01C1  120A  118A  223C  120A  118A  	fcall	_delay
  1111                           
  1112                           ;LE 4-6.c: 52: instCtrl(0x06);
  1113  01C6  3006               	movlw	6
  1114  01C7  120A  118A  2267   	fcall	_instCtrl
  1115  01CA  0008               	return
  1116  01CB                     __end_of_initLCD:	
  1117                           
  1118                           	psect	text7
  1119  0267                     __ptext7:	
  1120 ;; *************** function _instCtrl *****************
  1121 ;; Defined at:
  1122 ;;		line 25 in file "D:\SCHOOL WORKS\3rd year 2nd Sem\Embedded Systems\CPE3201-DeLaPena\Practical Acitivites\PA4\LE 4-6.
      +c"
  1123 ;; Parameters:    Size  Location     Type
  1124 ;;  cmd             1    wreg     unsigned char 
  1125 ;; Auto vars:     Size  Location     Type
  1126 ;;  cmd             1    1[BANK0 ] unsigned char 
  1127 ;; Return value:  Size  Location     Type
  1128 ;;		None               void
  1129 ;; Registers used:
  1130 ;;		wreg
  1131 ;; Tracked objects:
  1132 ;;		On entry : 0/0
  1133 ;;		On exit  : 0/0
  1134 ;;		Unchanged: 0/0
  1135 ;; Data sizes:     COMMON   BANK0   BANK1   BANK3   BANK2
  1136 ;;      Params:         0       0       0       0       0
  1137 ;;      Locals:         0       1       0       0       0
  1138 ;;      Temps:          0       1       0       0       0
  1139 ;;      Totals:         0       2       0       0       0
  1140 ;;Total ram usage:        2 bytes
  1141 ;; Hardware stack levels used:    1
  1142 ;; Hardware stack levels required when called:    1
  1143 ;; This function calls:
  1144 ;;		Nothing
  1145 ;; This function is called by:
  1146 ;;		_initLCD
  1147 ;;		_main
  1148 ;; This function uses a non-reentrant model
  1149 ;;
  1150                           
  1151                           
  1152                           ;psect for function _instCtrl
  1153  0267                     _instCtrl:	
  1154                           
  1155                           ;incstack = 0
  1156                           ; Regs used in _instCtrl: [wreg]
  1157                           ;instCtrl@cmd stored from wreg
  1158  0267  1283               	bcf	3,5	;RP0=0, select bank0
  1159  0268  1303               	bcf	3,6	;RP1=0, select bank0
  1160  0269  00A1               	movwf	instCtrl@cmd
  1161                           
  1162                           ;LE 4-6.c: 26: PORTB = cmd;
  1163  026A  0821               	movf	instCtrl@cmd,w
  1164  026B  0086               	movwf	6	;volatile
  1165                           
  1166                           ;LE 4-6.c: 28: RD0 = 0;
  1167  026C  1008               	bcf	8,0	;volatile
  1168                           
  1169                           ;LE 4-6.c: 29: RD2 = 0;
  1170  026D  1108               	bcf	8,2	;volatile
  1171                           
  1172                           ;LE 4-6.c: 30: RD1 = 1;
  1173  026E  1488               	bsf	8,1	;volatile
  1174                           
  1175                           ;LE 4-6.c: 31: _delay((unsigned long)((50)*(4000000UL/4000000.0)));
  1176  026F  3010               	movlw	16
  1177  0270  00A0               	movwf	??_instCtrl
  1178  0271                     u427:	
  1179  0271  0BA0               	decfsz	??_instCtrl,f
  1180  0272  2A71               	goto	u427
  1181  0273  0000               	nop
  1182                           
  1183                           ;LE 4-6.c: 32: RD1 = 0;
  1184  0274  1283               	bcf	3,5	;RP0=0, select bank0
  1185  0275  1303               	bcf	3,6	;RP1=0, select bank0
  1186  0276  1088               	bcf	8,1	;volatile
  1187  0277  0008               	return
  1188  0278                     __end_of_instCtrl:	
  1189                           
  1190                           	psect	text8
  1191  023C                     __ptext8:	
  1192 ;; *************** function _delay *****************
  1193 ;; Defined at:
  1194 ;;		line 100 in file "D:\SCHOOL WORKS\3rd year 2nd Sem\Embedded Systems\CPE3201-DeLaPena\Practical Acitivites\PA4\LE 4-6
      +.c"
  1195 ;; Parameters:    Size  Location     Type
  1196 ;;  ms              2    0[BANK0 ] unsigned int 
  1197 ;; Auto vars:     Size  Location     Type
  1198 ;;		None
  1199 ;; Return value:  Size  Location     Type
  1200 ;;		None               void
  1201 ;; Registers used:
  1202 ;;		wreg
  1203 ;; Tracked objects:
  1204 ;;		On entry : 0/0
  1205 ;;		On exit  : 0/0
  1206 ;;		Unchanged: 0/0
  1207 ;; Data sizes:     COMMON   BANK0   BANK1   BANK3   BANK2
  1208 ;;      Params:         0       2       0       0       0
  1209 ;;      Locals:         0       0       0       0       0
  1210 ;;      Temps:          0       1       0       0       0
  1211 ;;      Totals:         0       3       0       0       0
  1212 ;;Total ram usage:        3 bytes
  1213 ;; Hardware stack levels used:    1
  1214 ;; Hardware stack levels required when called:    1
  1215 ;; This function calls:
  1216 ;;		Nothing
  1217 ;; This function is called by:
  1218 ;;		_initLCD
  1219 ;;		_main
  1220 ;; This function uses a non-reentrant model
  1221 ;;
  1222                           
  1223                           
  1224                           ;psect for function _delay
  1225  023C                     _delay:	
  1226  023C                     l78:	
  1227                           ;LE 4-6.c: 101: while(ms--){
  1228                           
  1229                           ;incstack = 0
  1230                           ; Regs used in _delay: [wreg]
  1231                           
  1232  023C  3001               	movlw	1
  1233  023D  1283               	bcf	3,5	;RP0=0, select bank0
  1234  023E  1303               	bcf	3,6	;RP1=0, select bank0
  1235  023F  02A0               	subwf	delay@ms,f
  1236  0240  3000               	movlw	0
  1237  0241  1C03               	skipc
  1238  0242  03A1               	decf	delay@ms+1,f
  1239  0243  02A1               	subwf	delay@ms+1,f
  1240  0244  30FF               	movlw	255
  1241  0245  0621               	xorwf	delay@ms+1,w
  1242  0246  1D03               	skipz
  1243  0247  2A4A               	goto	u215
  1244  0248  30FF               	movlw	255
  1245  0249  0620               	xorwf	delay@ms,w
  1246  024A                     u215:	
  1247  024A  1903               	btfsc	3,2
  1248  024B  0008               	return
  1249                           
  1250                           ;LE 4-6.c: 102: _delay((unsigned long)((1)*(4000000UL/4000.0)));
  1251  024C  30F9               	movlw	249
  1252  024D  1283               	bcf	3,5	;RP0=0, select bank0
  1253  024E  1303               	bcf	3,6	;RP1=0, select bank0
  1254  024F  00A2               	movwf	??_delay
  1255  0250                     u437:	
  1256  0250  0000               	nop
  1257  0251  0BA2               	decfsz	??_delay,f
  1258  0252  2A50               	goto	u437
  1259  0253  2A54               	nop2	;nop
  1260  0254  0000               	nop
  1261  0255  2A3C               	goto	l78
  1262  0256                     __end_of_delay:	
  1263                           
  1264                           	psect	text9
  1265  01CB                     __ptext9:	
  1266 ;; *************** function _ISR *****************
  1267 ;; Defined at:
  1268 ;;		line 81 in file "D:\SCHOOL WORKS\3rd year 2nd Sem\Embedded Systems\CPE3201-DeLaPena\Practical Acitivites\PA4\LE 4-6.
      +c"
  1269 ;; Parameters:    Size  Location     Type
  1270 ;;		None
  1271 ;; Auto vars:     Size  Location     Type
  1272 ;;		None
  1273 ;; Return value:  Size  Location     Type
  1274 ;;		None               void
  1275 ;; Registers used:
  1276 ;;		wreg, status,2, status,0
  1277 ;; Tracked objects:
  1278 ;;		On entry : 0/0
  1279 ;;		On exit  : 0/0
  1280 ;;		Unchanged: 0/0
  1281 ;; Data sizes:     COMMON   BANK0   BANK1   BANK3   BANK2
  1282 ;;      Params:         0       0       0       0       0
  1283 ;;      Locals:         0       0       0       0       0
  1284 ;;      Temps:          8       0       0       0       0
  1285 ;;      Totals:         8       0       0       0       0
  1286 ;;Total ram usage:        8 bytes
  1287 ;; Hardware stack levels used:    1
  1288 ;; This function calls:
  1289 ;;		Nothing
  1290 ;; This function is called by:
  1291 ;;		Interrupt level 1
  1292 ;; This function uses a non-reentrant model
  1293 ;;
  1294                           
  1295                           
  1296                           ;psect for function _ISR
  1297  01CB                     _ISR:	
  1298                           
  1299                           ;LE 4-6.c: 83: GIE = 0;
  1300  01CB  138B               	bcf	11,7	;volatile
  1301                           
  1302                           ;LE 4-6.c: 85: if(CCP1IF == 1)
  1303  01CC  1D0C               	btfss	12,2	;volatile
  1304  01CD  29EA               	goto	i1l807
  1305                           
  1306                           ;LE 4-6.c: 86: {
  1307                           ;LE 4-6.c: 87: CCP1IF = 0;
  1308  01CE  110C               	bcf	12,2	;volatile
  1309                           
  1310                           ;LE 4-6.c: 88: TMR1 = 0;
  1311  01CF  018E               	clrf	14	;volatile
  1312  01D0  018F               	clrf	15	;volatile
  1313                           
  1314                           ;LE 4-6.c: 93: RA0 = RA0^1;
  1315  01D1  3001               	movlw	1
  1316  01D2  0685               	xorwf	5,f
  1317                           
  1318                           ;LE 4-6.c: 94: period = (unsigned long)CCPR1 * 8;
  1319  01D3  0815               	movf	21,w	;volatile
  1320  01D4  00F0               	movwf	??_ISR
  1321  01D5  0816               	movf	22,w	;volatile
  1322  01D6  00F1               	movwf	??_ISR+1
  1323  01D7  01F2               	clrf	??_ISR+2
  1324  01D8  01F3               	clrf	??_ISR+3
  1325  01D9  3003               	movlw	3
  1326  01DA                     u40_25:	
  1327  01DA  1003               	clrc
  1328  01DB  0DF0               	rlf	??_ISR,f
  1329  01DC  0DF1               	rlf	??_ISR+1,f
  1330  01DD  0DF2               	rlf	??_ISR+2,f
  1331  01DE  0DF3               	rlf	??_ISR+3,f
  1332  01DF  3EFF               	addlw	-1
  1333  01E0  1D03               	skipz
  1334  01E1  29DA               	goto	u40_25
  1335  01E2  0873               	movf	??_ISR+3,w
  1336  01E3  00C3               	movwf	_period+3	;volatile
  1337  01E4  0872               	movf	??_ISR+2,w
  1338  01E5  00C2               	movwf	_period+2	;volatile
  1339  01E6  0871               	movf	??_ISR+1,w
  1340  01E7  00C1               	movwf	_period+1	;volatile
  1341  01E8  0870               	movf	??_ISR,w
  1342  01E9  00C0               	movwf	_period	;volatile
  1343  01EA                     i1l807:	
  1344                           
  1345                           ;LE 4-6.c: 95: }
  1346                           ;LE 4-6.c: 97: GIE = 1;
  1347  01EA  178B               	bsf	11,7	;volatile
  1348  01EB  0877               	movf	??_ISR+7,w
  1349  01EC  00FF               	movwf	127
  1350  01ED  0876               	movf	??_ISR+6,w
  1351  01EE  008A               	movwf	10
  1352  01EF  0875               	movf	??_ISR+5,w
  1353  01F0  0084               	movwf	4
  1354  01F1  0E74               	swapf	(??_ISR+4)^(0+-128),w
  1355  01F2  0083               	movwf	3
  1356  01F3  0EFE               	swapf	126,f
  1357  01F4  0E7E               	swapf	126,w
  1358  01F5  0009               	retfie
  1359  01F6                     __end_of_ISR:	
  1360  007E                     btemp	set	126	;btemp
  1361  007E                     wtemp	set	126
  1362  007E                     wtemp0	set	126
  1363  0080                     wtemp1	set	128
  1364  0082                     wtemp2	set	130
  1365  0084                     wtemp3	set	132
  1366  0086                     wtemp4	set	134
  1367  0088                     wtemp5	set	136
  1368  007F                     wtemp6	set	127
  1369  007E                     ttemp	set	126
  1370  007E                     ttemp0	set	126
  1371  0081                     ttemp1	set	129
  1372  0084                     ttemp2	set	132
  1373  0087                     ttemp3	set	135
  1374  007F                     ttemp4	set	127
  1375  007E                     ltemp	set	126
  1376  007E                     ltemp0	set	126
  1377  0082                     ltemp1	set	130
  1378  0086                     ltemp2	set	134
  1379  0080                     ltemp3	set	128
  1380                           
  1381                           	psect	intentry
  1382  0004                     __pintentry:	
  1383                           ;incstack = 0
  1384                           ; Regs used in _ISR: [wreg+status,2+status,0]
  1385                           
  1386  0004                     interrupt_function:	
  1387  007E                     saved_w	set	btemp
  1388  0004  00FE               	movwf	btemp
  1389  0005  0E03               	swapf	3,w
  1390  0006  00F4               	movwf	??_ISR+4
  1391  0007  0804               	movf	4,w
  1392  0008  00F5               	movwf	??_ISR+5
  1393  0009  080A               	movf	10,w
  1394  000A  00F6               	movwf	??_ISR+6
  1395  000B  1283               	bcf	3,5	;RP0=0, select bank0
  1396  000C  1303               	bcf	3,6	;RP1=0, select bank0
  1397  000D  087F               	movf	btemp+1,w
  1398  000E  00F7               	movwf	??_ISR+7
  1399  000F  120A  118A  29CB   	ljmp	_ISR


Data Sizes:
    Strings     17
    Constant    0
    Data        0
    BSS         4
    Persistent  0
    Stack       0

Auto Spaces:
    Space          Size  Autos    Used
    COMMON           14      8       8
    BANK0            80     32      36
    BANK1            80      0       0
    BANK3            96      0       0
    BANK2            96      0       0

Pointer List with Targets:

    printString@str	PTR const unsigned char  size(2) Largest target is 11
		 -> STR_2(CODE[8]), STR_1(CODE[9]), printNumber@buffer(BANK0[11]), 


Critical Paths under _main in COMMON

    None.

Critical Paths under _ISR in COMMON

    None.

Critical Paths under _main in BANK0

    _main->_printNumber
    _printNumber->___lldiv
    _printString->_dataCtrl
    _initLCD->_delay

Critical Paths under _ISR in BANK0

    None.

Critical Paths under _main in BANK1

    None.

Critical Paths under _ISR in BANK1

    None.

Critical Paths under _main in BANK3

    None.

Critical Paths under _ISR in BANK3

    None.

Critical Paths under _main in BANK2

    None.

Critical Paths under _ISR in BANK2

    None.

Call Graph Tables:

 ---------------------------------------------------------------------------------
 (Depth) Function   	        Calls       Base Space   Used Autos Params    Refs
 ---------------------------------------------------------------------------------
 (0) _main                                                 0     0      0    1720
                              _delay
                            _initLCD
                           _instCtrl
                        _printNumber
                        _printString
 ---------------------------------------------------------------------------------
 (1) _printNumber                                         18    14      4    1088
                                             14 BANK0     18    14      4
                            ___lldiv
                            ___llmod
                        _printString
 ---------------------------------------------------------------------------------
 (1) _printString                                          2     0      2     226
                                              2 BANK0      2     0      2
                           _dataCtrl
 ---------------------------------------------------------------------------------
 (2) _dataCtrl                                             2     2      0      22
                                              0 BANK0      2     2      0
 ---------------------------------------------------------------------------------
 (2) ___llmod                                             10     2      8     265
                                              0 BANK0     10     2      8
 ---------------------------------------------------------------------------------
 (2) ___lldiv                                             14     6      8     268
                                              0 BANK0     14     6      8
 ---------------------------------------------------------------------------------
 (1) _initLCD                                              0     0      0     203
                              _delay
                           _instCtrl
 ---------------------------------------------------------------------------------
 (1) _instCtrl                                             2     2      0      22
                                              0 BANK0      2     2      0
 ---------------------------------------------------------------------------------
 (2) _delay                                                3     1      2     181
                                              0 BANK0      3     1      2
 ---------------------------------------------------------------------------------
 Estimated maximum stack depth 2
 ---------------------------------------------------------------------------------
 (Depth) Function   	        Calls       Base Space   Used Autos Params    Refs
 ---------------------------------------------------------------------------------
 (4) _ISR                                                  8     8      0       0
                                              0 COMMON     8     8      0
 ---------------------------------------------------------------------------------
 Estimated maximum stack depth 4
 ---------------------------------------------------------------------------------

 Call Graph Graphs:

 _main (ROOT)
   _delay
   _initLCD
     _delay
     _instCtrl
   _instCtrl
   _printNumber
     ___lldiv
     ___llmod
     _printString
       _dataCtrl
   _printString
     _dataCtrl

 _ISR (ROOT)

 Address spaces:
Name               Size   Autos  Total    Cost      Usage
BITCOMMON            E      0       0       0        0.0%
EEDATA             100      0       0       0        0.0%
NULL                 0      0       0       0        0.0%
CODE                 0      0       0       0        0.0%
COMMON               E      8       8       1       57.1%
BITSFR0              0      0       0       1        0.0%
SFR0                 0      0       0       1        0.0%
BITSFR1              0      0       0       2        0.0%
SFR1                 0      0       0       2        0.0%
STACK                0      0       0       2        0.0%
ABS                  0      0      2C       3        0.0%
BITBANK0            50      0       0       4        0.0%
BITSFR3              0      0       0       4        0.0%
SFR3                 0      0       0       4        0.0%
BANK0               50     20      24       5       45.0%
BITSFR2              0      0       0       5        0.0%
SFR2                 0      0       0       5        0.0%
BITBANK1            50      0       0       6        0.0%
BANK1               50      0       0       7        0.0%
BITBANK3            60      0       0       8        0.0%
BANK3               60      0       0       9        0.0%
BITBANK2            60      0       0      10        0.0%
BANK2               60      0       0      11        0.0%
DATA                 0      0      2C      12        0.0%


Microchip Technology PIC Macro Assembler V1.33 build 59893 
Symbol Table                                                                                   Thu Apr 02 09:19:07 2026

                      pc 0002              __CFG_CP$OFF 0000                       l78 023C  
                     fsr 0004                      l735 0102                      l727 01F6  
                    l745 013A                      l737 0112                      l761 016A  
                    l749 0147                      l765 0188                      l759 015A  
                    l791 007E                      l839 00B3                      l769 0195  
                    l785 0039                      l795 0086                      _GIE 005F  
                    _RA0 0028                      _RD0 0040                      _RD1 0041  
                    _RD2 0042                      u215 024A                      u315 015E  
                    u245 0106                      u335 0178                      u265 0114  
                    u345 0189                      u417 0260             __CFG_CPD$OFF 0000  
                    u427 0271                      u275 0129                      _ISR 01CB  
                    u437 0250                      u285 013B                      fsr0 0004  
                    indf 0000             __CFG_FOSC$XT 0000             __CFG_LVP$OFF 0000  
                   ?_ISR 0070             printNumber@i 003E                     STR_1 022B  
                   STR_2 0234                     _PEIE 005E                     _TMR1 000E  
           __CFG_WRT$OFF 0000                     _main 0090                     btemp 007E  
          __CFG_BOREN$ON 0000                     ltemp 007E                     start 0012  
                   ttemp 007E                     wtemp 007E                    ??_ISR 0070  
                  ?_main 0070                    _CCPR1 0015            __CFG_WDTE$OFF 0000  
        __end_of___lldiv 0150                    _T1CON 0010          __end_of___llmod 019E  
                  i1l807 01EA                    u40_25 01DA                    _PORTB 0006  
                  _PORTD 0008                    _TRISA 0085                    _TRISB 0086  
                  _TRISC 0087                    _TRISD 0088            __CFG_PWRTE$ON 0000  
        __end_of_initLCD 01CB                    _delay 023C                    pclath 000A  
                  ltemp0 007E                    ltemp1 0082                    ltemp2 0086  
                  ltemp3 0080                    ttemp0 007E                    ttemp1 0081  
                  ttemp2 0084                    ttemp3 0087                    ttemp4 007F  
                  status 0003                    wtemp0 007E                    wtemp1 0080  
                  wtemp2 0082                    wtemp3 0084                    wtemp4 0086  
                  wtemp5 0088                    wtemp6 007F          __initialization 0015  
           __end_of_main 00F0                   ??_main 0040           printNumber@val 002E  
                 ?_delay 0020                   _ADCON1 009F                   _CCP1IE 0462  
                 _CCP1IF 0062         ___llmod@dividend 0024                   _TMR1ON 0080  
       __end_of_dataCtrl 0267                ??___lldiv 0028                ??___llmod 0028  
                 _period 0040         __end_of_instCtrl 0278                ??_initLCD 0023  
         printString@str 0022                   saved_w 007E             ?_printNumber 002E  
           ?_printString 0022  __end_of__initialization 0019              instCtrl@cmd 0021  
         __pcstackCOMMON 0070            __end_of_delay 0256                  ??_delay 0022  
             __pbssBANK0 0040        printNumber@buffer 0033               __pmaintext 0090  
             __pintentry 0004                  _CCP1CON 0017                ?_dataCtrl 0070  
             __stringtab 021B                ?_instCtrl 0070                  ___lldiv 00F0  
                ___llmod 0150                  __ptext1 001D                  __ptext2 01F6  
                __ptext3 0256                  __ptext4 0150                  __ptext5 00F0  
                __ptext6 019E                  __ptext7 0267                  __ptext8 023C  
                __ptext9 01CB                  _initLCD 019E             __size_of_ISR 002B  
             ??_dataCtrl 0020                  delay@ms 0020     end_of_initialization 0019  
   __size_of_printNumber 0073               ??_instCtrl 0020     __size_of_printString 0025  
        ___lldiv@divisor 0020          ___lldiv@counter 002D      start_initialization 0015  
            __end_of_ISR 01F6          ___llmod@divisor 0020             dataCtrl@data 0021  
        ___llmod@counter 0029                ___latbits 0002            __pcstackBANK0 0020  
    __end_of__stringdata 023C        __size_of_dataCtrl 0011        __size_of_instCtrl 0011  
               ?___lldiv 0020                 ?___llmod 0020                __pstrings 021B  
               ?_initLCD 0070           __size_of_delay 001A        interrupt_function 0004  
            __stringbase 022A              __stringdata 022B            ??_printNumber 0032  
          ??_printString 0024         __size_of___lldiv 0060         __size_of___llmod 004E  
     __end_of__stringtab 022B                 _dataCtrl 0256         __size_of_initLCD 002D  
          __size_of_main 0060                 _instCtrl 0267      __end_of_printNumber 0090  
    __end_of_printString 021B                 intlevel1 0000         ___lldiv@dividend 0024  
              stringcode 0225         ___lldiv@quotient 0029                 stringdir 0225  
               stringtab 021B              _printNumber 001D              _printString 01F6  
