

Microchip Technology PIC LITE Macro Assembler V1.33 build 59893 
                                                                                               Mon Mar 02 08:24:46 2026

Microchip Technology Omniscient Code Generator (Lite mode) build 59893
     1                           	processor	16F877A
     2                           	opt	pw 120
     3                           	opt	lm
     4                           	psect	text0,local,class=CODE,merge=1,delta=2
     5                           	psect	cinit,global,class=CODE,merge=1,delta=2
     6                           	psect	bssCOMMON,global,class=COMMON,space=1,delta=1
     7                           	psect	cstackCOMMON,global,class=COMMON,space=1,delta=1
     8                           	psect	maintext,global,class=CODE,split=1,delta=2
     9                           	psect	text1,local,class=CODE,merge=1,delta=2
    10                           	psect	text2,local,class=CODE,merge=1,delta=2
    11                           	psect	text3,local,class=CODE,merge=1,delta=2
    12                           	dabs	1,0x7E,2
    13  0000                     	;# 
    14  0001                     	;# 
    15  0002                     	;# 
    16  0003                     	;# 
    17  0004                     	;# 
    18  0005                     	;# 
    19  0006                     	;# 
    20  0007                     	;# 
    21  0008                     	;# 
    22  0009                     	;# 
    23  000A                     	;# 
    24  000B                     	;# 
    25  000C                     	;# 
    26  000D                     	;# 
    27  000E                     	;# 
    28  000E                     	;# 
    29  000F                     	;# 
    30  0010                     	;# 
    31  0011                     	;# 
    32  0012                     	;# 
    33  0013                     	;# 
    34  0014                     	;# 
    35  0015                     	;# 
    36  0015                     	;# 
    37  0016                     	;# 
    38  0017                     	;# 
    39  0018                     	;# 
    40  0019                     	;# 
    41  001A                     	;# 
    42  001B                     	;# 
    43  001B                     	;# 
    44  001C                     	;# 
    45  001D                     	;# 
    46  001E                     	;# 
    47  001F                     	;# 
    48  0081                     	;# 
    49  0085                     	;# 
    50  0086                     	;# 
    51  0087                     	;# 
    52  0088                     	;# 
    53  0089                     	;# 
    54  008C                     	;# 
    55  008D                     	;# 
    56  008E                     	;# 
    57  0091                     	;# 
    58  0092                     	;# 
    59  0093                     	;# 
    60  0094                     	;# 
    61  0098                     	;# 
    62  0099                     	;# 
    63  009C                     	;# 
    64  009D                     	;# 
    65  009E                     	;# 
    66  009F                     	;# 
    67  010C                     	;# 
    68  010D                     	;# 
    69  010E                     	;# 
    70  010F                     	;# 
    71  018C                     	;# 
    72  018D                     	;# 
    73  0006                     _PORTB	set	6
    74  0038                     _RC0	set	56
    75  0039                     _RC1	set	57
    76  003A                     _RC2	set	58
    77  0086                     _TRISB	set	134
    78  0087                     _TRISC	set	135
    79  0088                     _TRISD	set	136
    80                           
    81                           	psect	text0
    82  0000                     __ptext0:	
    83                           ; #config settings
    84                           
    85                           
    86                           ;psect for function _dataCtrl
    87  0000                     
    88                           	psect	cinit
    89  07FA                     start_initialization:	
    90  07FA                     __initialization:	
    91                           
    92                           ; Clear objects allocated to COMMON
    93  07FA  01F0               	clrf	__pbssCOMMON& (0+127)
    94  07FB  01F1               	clrf	(__pbssCOMMON+1)& (0+127)
    95  07FC                     end_of_initialization:	
    96                           ;End of C runtime variable initialization code
    97                           
    98  07FC                     __end_of__initialization:	
    99  07FC  0183               	clrf	3
   100  07FD  120A  118A  2FC4   	ljmp	_main	;jump to C main() function
   101                           
   102                           	psect	bssCOMMON
   103  0070                     __pbssCOMMON:	
   104  0070                     _j:	
   105  0070                     	ds	2
   106                           
   107                           	psect	cstackCOMMON
   108  0072                     __pcstackCOMMON:	
   109  0072                     ?_instCtrl:	
   110  0072                     ??_instCtrl:	
   111                           ; 0 bytes @ 0x0
   112                           
   113  0072                     ?_initLCD:	
   114                           ; 0 bytes @ 0x0
   115                           
   116  0072                     ?_dataCtrl:	
   117                           ; 0 bytes @ 0x0
   118                           
   119  0072                     ??_dataCtrl:	
   120                           ; 0 bytes @ 0x0
   121                           
   122  0072                     ?_main:	
   123                           ; 0 bytes @ 0x0
   124                           
   125  0072                     instCtrl@data:	
   126                           ; 0 bytes @ 0x0
   127                           
   128  0072                     dataCtrl@b:	
   129                           ; 1 bytes @ 0x0
   130                           
   131                           
   132                           ; 1 bytes @ 0x0
   133  0072                     	ds	1
   134  0073                     ??_initLCD:	
   135  0073                     ??_main:	
   136                           ; 0 bytes @ 0x1
   137                           
   138                           
   139                           	psect	maintext
   140  07C4                     __pmaintext:	
   141                           ; 0 bytes @ 0x1
   142 ;;
   143 ;;Main: autosize = 0, tempsize = 0, incstack = 0, save=0
   144 ;;
   145 ;; *************** function _main *****************
   146 ;; Defined at:
   147 ;;		line 55 in file "Z:\Embedded System\CPE3201-DeLaPena\Practical Acitivites\PA2\LE2-1.c"
   148 ;; Parameters:    Size  Location     Type
   149 ;;		None
   150 ;; Auto vars:     Size  Location     Type
   151 ;;		None
   152 ;; Return value:  Size  Location     Type
   153 ;;		None               void
   154 ;; Registers used:
   155 ;;		wreg, status,2, status,0, btemp+1, pclath, cstack
   156 ;; Tracked objects:
   157 ;;		On entry : 17F/0
   158 ;;		On exit  : 0/0
   159 ;;		Unchanged: 0/0
   160 ;; Data sizes:     COMMON   BANK0   BANK1   BANK3   BANK2
   161 ;;      Params:         0       0       0       0       0
   162 ;;      Locals:         0       0       0       0       0
   163 ;;      Temps:          0       0       0       0       0
   164 ;;      Totals:         0       0       0       0       0
   165 ;;Total ram usage:        0 bytes
   166 ;; Hardware stack levels required when called:    2
   167 ;; This function calls:
   168 ;;		_dataCtrl
   169 ;;		_initLCD
   170 ;;		_instCtrl
   171 ;; This function is called by:
   172 ;;		Startup code after reset
   173 ;; This function uses a non-reentrant model
   174 ;;
   175                           
   176                           
   177                           ;psect for function _main
   178  07C4                     _main:	
   179                           
   180                           ;LE2-1.c: 58: TRISB = 0X00;
   181                           
   182                           ;incstack = 0
   183                           ; Regs used in _main: [wreg+status,2+status,0+btemp+1+pclath+cstack]
   184  07C4  1683               	bsf	3,5	;RP0=1, select bank1
   185  07C5  1303               	bcf	3,6	;RP1=0, select bank1
   186  07C6  0186               	clrf	6	;volatile
   187                           
   188                           ;LE2-1.c: 59: TRISC = 0X00;
   189  07C7  0187               	clrf	7	;volatile
   190                           
   191                           ;LE2-1.c: 60: TRISD = 0XFF;
   192  07C8  30FF               	movlw	255
   193  07C9  0088               	movwf	8	;volatile
   194                           
   195                           ;LE2-1.c: 63: initLCD();
   196  07CA  120A  118A  2747  120A  118A  	fcall	_initLCD
   197                           
   198                           ;LE2-1.c: 64: instCtrl(0xC6);
   199  07CF  30C6               	movlw	198
   200  07D0  120A  118A  279A  120A  118A  	fcall	_instCtrl
   201                           
   202                           ;LE2-1.c: 65: dataCtrl('H');
   203  07D5  3048               	movlw	72
   204  07D6  120A  118A  2770  120A  118A  	fcall	_dataCtrl
   205                           
   206                           ;LE2-1.c: 66: dataCtrl('E');
   207  07DB  3045               	movlw	69
   208  07DC  120A  118A  2770  120A  118A  	fcall	_dataCtrl
   209                           
   210                           ;LE2-1.c: 67: dataCtrl('L');
   211  07E1  304C               	movlw	76
   212  07E2  120A  118A  2770  120A  118A  	fcall	_dataCtrl
   213                           
   214                           ;LE2-1.c: 68: dataCtrl('L');
   215  07E7  304C               	movlw	76
   216  07E8  120A  118A  2770  120A  118A  	fcall	_dataCtrl
   217                           
   218                           ;LE2-1.c: 69: dataCtrl('O');
   219  07ED  304F               	movlw	79
   220  07EE  120A  118A  2770  120A  118A  	fcall	_dataCtrl
   221                           
   222                           ;LE2-1.c: 70: dataCtrl('!');
   223  07F3  3021               	movlw	33
   224  07F4  120A  118A  2770  120A  118A  	fcall	_dataCtrl
   225  07F9                     l32:	
   226                           ;LE2-1.c: 72: while(1)
   227                           
   228                           
   229                           ;LE2-1.c: 73: ;
   230  07F9  2FF9               	goto	l32
   231  07FA                     __end_of_main:	
   232                           
   233                           	psect	text1
   234  0747                     __ptext1:	
   235 ;; *************** function _initLCD *****************
   236 ;; Defined at:
   237 ;;		line 30 in file "Z:\Embedded System\CPE3201-DeLaPena\Practical Acitivites\PA2\LE2-1.c"
   238 ;; Parameters:    Size  Location     Type
   239 ;;		None
   240 ;; Auto vars:     Size  Location     Type
   241 ;;		None
   242 ;; Return value:  Size  Location     Type
   243 ;;		None               void
   244 ;; Registers used:
   245 ;;		wreg, status,2, status,0, btemp+1, pclath, cstack
   246 ;; Tracked objects:
   247 ;;		On entry : 0/0
   248 ;;		On exit  : 0/0
   249 ;;		Unchanged: 0/0
   250 ;; Data sizes:     COMMON   BANK0   BANK1   BANK3   BANK2
   251 ;;      Params:         0       0       0       0       0
   252 ;;      Locals:         0       0       0       0       0
   253 ;;      Temps:          0       0       0       0       0
   254 ;;      Totals:         0       0       0       0       0
   255 ;;Total ram usage:        0 bytes
   256 ;; Hardware stack levels used:    1
   257 ;; Hardware stack levels required when called:    1
   258 ;; This function calls:
   259 ;;		_instCtrl
   260 ;; This function is called by:
   261 ;;		_main
   262 ;; This function uses a non-reentrant model
   263 ;;
   264                           
   265                           
   266                           ;psect for function _initLCD
   267  0747                     _initLCD:	
   268                           
   269                           ;LE2-1.c: 32: instCtrl(0x38);
   270                           
   271                           ;incstack = 0
   272                           ; Regs used in _initLCD: [wreg+status,2+status,0+btemp+1+pclath+cstack]
   273  0747  3038               	movlw	56
   274  0748  120A  118A  279A  120A  118A  	fcall	_instCtrl
   275                           
   276                           ;LE2-1.c: 33: instCtrl(0x08);
   277  074D  3008               	movlw	8
   278  074E  120A  118A  279A  120A  118A  	fcall	_instCtrl
   279                           
   280                           ;LE2-1.c: 34: instCtrl(0x01);
   281  0753  3001               	movlw	1
   282  0754  120A  118A  279A  120A  118A  	fcall	_instCtrl
   283                           
   284                           ;LE2-1.c: 35: instCtrl(0x06);
   285  0759  3006               	movlw	6
   286  075A  120A  118A  279A  120A  118A  	fcall	_instCtrl
   287                           
   288                           ;LE2-1.c: 36: instCtrl(0x0E);
   289  075F  300E               	movlw	14
   290  0760  120A  118A  279A  120A  118A  	fcall	_instCtrl
   291                           
   292                           ;LE2-1.c: 37: instCtrl(0x06);
   293  0765  3006               	movlw	6
   294  0766  120A  118A  279A  120A  118A  	fcall	_instCtrl
   295                           
   296                           ;LE2-1.c: 38: instCtrl(0x80);
   297  076B  3080               	movlw	128
   298  076C  120A  118A  279A   	fcall	_instCtrl
   299  076F  0008               	return
   300  0770                     __end_of_initLCD:	
   301                           
   302                           	psect	text2
   303  079A                     __ptext2:	
   304 ;; *************** function _instCtrl *****************
   305 ;; Defined at:
   306 ;;		line 20 in file "Z:\Embedded System\CPE3201-DeLaPena\Practical Acitivites\PA2\LE2-1.c"
   307 ;; Parameters:    Size  Location     Type
   308 ;;  data            1    wreg     unsigned char 
   309 ;; Auto vars:     Size  Location     Type
   310 ;;  data            1    0[COMMON] unsigned char 
   311 ;; Return value:  Size  Location     Type
   312 ;;		None               void
   313 ;; Registers used:
   314 ;;		wreg, status,2, btemp+1
   315 ;; Tracked objects:
   316 ;;		On entry : 0/0
   317 ;;		On exit  : 0/0
   318 ;;		Unchanged: 0/0
   319 ;; Data sizes:     COMMON   BANK0   BANK1   BANK3   BANK2
   320 ;;      Params:         0       0       0       0       0
   321 ;;      Locals:         1       0       0       0       0
   322 ;;      Temps:          0       0       0       0       0
   323 ;;      Totals:         1       0       0       0       0
   324 ;;Total ram usage:        1 bytes
   325 ;; Hardware stack levels used:    1
   326 ;; This function calls:
   327 ;;		Nothing
   328 ;; This function is called by:
   329 ;;		_initLCD
   330 ;;		_main
   331 ;; This function uses a non-reentrant model
   332 ;;
   333                           
   334                           
   335                           ;psect for function _instCtrl
   336  079A                     _instCtrl:	
   337                           
   338                           ;incstack = 0
   339                           ; Regs used in _instCtrl: [wreg+status,2+btemp+1]
   340                           ;instCtrl@data stored from wreg
   341  079A  00F2               	movwf	instCtrl@data
   342                           
   343                           ;LE2-1.c: 22: PORTB= data;
   344  079B  0872               	movf	instCtrl@data,w
   345  079C  1283               	bcf	3,5	;RP0=0, select bank0
   346  079D  1303               	bcf	3,6	;RP1=0, select bank0
   347  079E  0086               	movwf	6	;volatile
   348                           
   349                           ;LE2-1.c: 23: RC0=0;
   350  079F  1007               	bcf	7,0	;volatile
   351                           
   352                           ;LE2-1.c: 24: RC2=0;
   353  07A0  1107               	bcf	7,2	;volatile
   354                           
   355                           ;LE2-1.c: 25: RC1=1;
   356  07A1  1487               	bsf	7,1	;volatile
   357                           
   358                           ;LE2-1.c: 26: for(j=0;j<100;j++);
   359  07A2  01F0               	clrf	_j
   360  07A3  01F1               	clrf	_j+1
   361  07A4  0871               	movf	_j+1,w
   362  07A5  3A80               	xorlw	128
   363  07A6  00FF               	movwf	127
   364  07A7  3080               	movlw	128
   365  07A8  027F               	subwf	127,w
   366  07A9  1D03               	skipz
   367  07AA  2FAD               	goto	u15
   368  07AB  3064               	movlw	100
   369  07AC  0270               	subwf	_j,w
   370  07AD                     u15:	
   371  07AD  1803               	btfsc	3,0
   372  07AE  2FC0               	goto	l20
   373  07AF                     l506:	
   374  07AF  3001               	movlw	1
   375  07B0  07F0               	addwf	_j,f
   376  07B1  1803               	skipnc
   377  07B2  0AF1               	incf	_j+1,f
   378  07B3  3000               	movlw	0
   379  07B4  07F1               	addwf	_j+1,f
   380  07B5  0871               	movf	_j+1,w
   381  07B6  3A80               	xorlw	128
   382  07B7  00FF               	movwf	127
   383  07B8  3080               	movlw	128
   384  07B9  027F               	subwf	127,w
   385  07BA  1D03               	skipz
   386  07BB  2FBE               	goto	u25
   387  07BC  3064               	movlw	100
   388  07BD  0270               	subwf	_j,w
   389  07BE                     u25:	
   390  07BE  1C03               	skipc
   391  07BF  2FAF               	goto	l506
   392  07C0                     l20:	
   393                           
   394                           ;LE2-1.c: 27: RC1=0;
   395  07C0  1283               	bcf	3,5	;RP0=0, select bank0
   396  07C1  1303               	bcf	3,6	;RP1=0, select bank0
   397  07C2  1087               	bcf	7,1	;volatile
   398  07C3  0008               	return
   399  07C4                     __end_of_instCtrl:	
   400                           
   401                           	psect	text3
   402  0770                     __ptext3:	
   403 ;; *************** function _dataCtrl *****************
   404 ;; Defined at:
   405 ;;		line 43 in file "Z:\Embedded System\CPE3201-DeLaPena\Practical Acitivites\PA2\LE2-1.c"
   406 ;; Parameters:    Size  Location     Type
   407 ;;  b               1    wreg     unsigned char 
   408 ;; Auto vars:     Size  Location     Type
   409 ;;  b               1    0[COMMON] unsigned char 
   410 ;; Return value:  Size  Location     Type
   411 ;;		None               void
   412 ;; Registers used:
   413 ;;		wreg, status,2, btemp+1
   414 ;; Tracked objects:
   415 ;;		On entry : 0/0
   416 ;;		On exit  : 0/0
   417 ;;		Unchanged: 0/0
   418 ;; Data sizes:     COMMON   BANK0   BANK1   BANK3   BANK2
   419 ;;      Params:         0       0       0       0       0
   420 ;;      Locals:         1       0       0       0       0
   421 ;;      Temps:          0       0       0       0       0
   422 ;;      Totals:         1       0       0       0       0
   423 ;;Total ram usage:        1 bytes
   424 ;; Hardware stack levels used:    1
   425 ;; This function calls:
   426 ;;		Nothing
   427 ;; This function is called by:
   428 ;;		_main
   429 ;; This function uses a non-reentrant model
   430 ;;
   431                           
   432                           
   433                           ;psect for function _dataCtrl
   434  0770                     _dataCtrl:	
   435                           
   436                           ;incstack = 0
   437                           ; Regs used in _dataCtrl: [wreg+status,2+btemp+1]
   438                           ;dataCtrl@b stored from wreg
   439  0770  00F2               	movwf	dataCtrl@b
   440                           
   441                           ;LE2-1.c: 45: PORTB=b;
   442  0771  0872               	movf	dataCtrl@b,w
   443  0772  1283               	bcf	3,5	;RP0=0, select bank0
   444  0773  1303               	bcf	3,6	;RP1=0, select bank0
   445  0774  0086               	movwf	6	;volatile
   446                           
   447                           ;LE2-1.c: 46: RC0=1;
   448  0775  1407               	bsf	7,0	;volatile
   449                           
   450                           ;LE2-1.c: 47: RC2=0;
   451  0776  1107               	bcf	7,2	;volatile
   452                           
   453                           ;LE2-1.c: 48: RC1=1;
   454  0777  1487               	bsf	7,1	;volatile
   455                           
   456                           ;LE2-1.c: 49: for(j=0;j<100;j++);
   457  0778  01F0               	clrf	_j
   458  0779  01F1               	clrf	_j+1
   459  077A  0871               	movf	_j+1,w
   460  077B  3A80               	xorlw	128
   461  077C  00FF               	movwf	127
   462  077D  3080               	movlw	128
   463  077E  027F               	subwf	127,w
   464  077F  1D03               	skipz
   465  0780  2F83               	goto	u35
   466  0781  3064               	movlw	100
   467  0782  0270               	subwf	_j,w
   468  0783                     u35:	
   469  0783  1803               	btfsc	3,0
   470  0784  2F96               	goto	l28
   471  0785                     l526:	
   472  0785  3001               	movlw	1
   473  0786  07F0               	addwf	_j,f
   474  0787  1803               	skipnc
   475  0788  0AF1               	incf	_j+1,f
   476  0789  3000               	movlw	0
   477  078A  07F1               	addwf	_j+1,f
   478  078B  0871               	movf	_j+1,w
   479  078C  3A80               	xorlw	128
   480  078D  00FF               	movwf	127
   481  078E  3080               	movlw	128
   482  078F  027F               	subwf	127,w
   483  0790  1D03               	skipz
   484  0791  2F94               	goto	u45
   485  0792  3064               	movlw	100
   486  0793  0270               	subwf	_j,w
   487  0794                     u45:	
   488  0794  1C03               	skipc
   489  0795  2F85               	goto	l526
   490  0796                     l28:	
   491                           
   492                           ;LE2-1.c: 50: RC1=0;
   493  0796  1283               	bcf	3,5	;RP0=0, select bank0
   494  0797  1303               	bcf	3,6	;RP1=0, select bank0
   495  0798  1087               	bcf	7,1	;volatile
   496  0799  0008               	return
   497  079A                     __end_of_dataCtrl:	
   498  007E                     btemp	set	126	;btemp
   499  007E                     wtemp	set	126
   500  007E                     wtemp0	set	126
   501  0080                     wtemp1	set	128
   502  0082                     wtemp2	set	130
   503  0084                     wtemp3	set	132
   504  0086                     wtemp4	set	134
   505  0088                     wtemp5	set	136
   506  007F                     wtemp6	set	127
   507  007E                     ttemp	set	126
   508  007E                     ttemp0	set	126
   509  0081                     ttemp1	set	129
   510  0084                     ttemp2	set	132
   511  0087                     ttemp3	set	135
   512  007F                     ttemp4	set	127
   513  007E                     ltemp	set	126
   514  007E                     ltemp0	set	126
   515  0082                     ltemp1	set	130
   516  0086                     ltemp2	set	134
   517  0080                     ltemp3	set	128


Data Sizes:
    Strings     0
    Constant    0
    Data        0
    BSS         2
    Persistent  0
    Stack       0

Auto Spaces:
    Space          Size  Autos    Used
    COMMON           14      1       3
    BANK0            80      0       0
    BANK1            80      0       0
    BANK3            96      0       0
    BANK2            96      0       0

Pointer List with Targets:

    None.

Critical Paths under _main in COMMON

    _main->_dataCtrl
    _main->_instCtrl
    _initLCD->_instCtrl

Critical Paths under _main in BANK0

    None.

Critical Paths under _main in BANK1

    None.

Critical Paths under _main in BANK3

    None.

Critical Paths under _main in BANK2

    None.

Call Graph Tables:

 ---------------------------------------------------------------------------------
 (Depth) Function   	        Calls       Base Space   Used Autos Params    Refs
 ---------------------------------------------------------------------------------
 (0) _main                                                 0     0      0      45
                           _dataCtrl
                            _initLCD
                           _instCtrl
 ---------------------------------------------------------------------------------
 (1) _initLCD                                              0     0      0      15
                           _instCtrl
 ---------------------------------------------------------------------------------
 (1) _instCtrl                                             1     1      0      15
                                              0 COMMON     1     1      0
 ---------------------------------------------------------------------------------
 (1) _dataCtrl                                             1     1      0      15
                                              0 COMMON     1     1      0
 ---------------------------------------------------------------------------------
 Estimated maximum stack depth 1
 ---------------------------------------------------------------------------------

 Call Graph Graphs:

 _main (ROOT)
   _dataCtrl
   _initLCD
     _instCtrl
   _instCtrl

 Address spaces:
Name               Size   Autos  Total    Cost      Usage
BITCOMMON            E      0       0       0        0.0%
EEDATA             100      0       0       0        0.0%
NULL                 0      0       0       0        0.0%
CODE                 0      0       0       0        0.0%
COMMON               E      1       3       1       21.4%
BITSFR0              0      0       0       1        0.0%
SFR0                 0      0       0       1        0.0%
BITSFR1              0      0       0       2        0.0%
SFR1                 0      0       0       2        0.0%
STACK                0      0       0       2        0.0%
ABS                  0      0       3       3        0.0%
BITBANK0            50      0       0       4        0.0%
BITSFR3              0      0       0       4        0.0%
SFR3                 0      0       0       4        0.0%
BANK0               50      0       0       5        0.0%
BITSFR2              0      0       0       5        0.0%
SFR2                 0      0       0       5        0.0%
BITBANK1            50      0       0       6        0.0%
BANK1               50      0       0       7        0.0%
BITBANK3            60      0       0       8        0.0%
BANK3               60      0       0       9        0.0%
BITBANK2            60      0       0      10        0.0%
BANK2               60      0       0      11        0.0%
DATA                 0      0       3      12        0.0%


Microchip Technology PIC Macro Assembler V1.33 build 59893 
Symbol Table                                                                                   Mon Mar 02 08:24:46 2026

                      _j 0070              __CFG_CP$OFF 0000                       l20 07C0  
                     l32 07F9                       l28 0796                       u15 07AD  
                     u25 07BE                       u35 0783                       u45 0794  
                    l506 07AF                      l526 0785                      _RC0 0038  
                    _RC1 0039                      _RC2 003A             __CFG_CPD$OFF 0000  
           __CFG_FOSC$XT 0000             __CFG_LVP$OFF 0000             __CFG_WRT$OFF 0000  
                   _main 07C4                     btemp 007E            __CFG_BOREN$ON 0000  
                   ltemp 007E                     start 0000                     ttemp 007E  
                   wtemp 007E                    ?_main 0072            __CFG_WDTE$OFF 0000  
                  _PORTB 0006                    _TRISB 0086                    _TRISC 0087  
                  _TRISD 0088            __CFG_PWRTE$ON 0000          __end_of_initLCD 0770  
                  ltemp0 007E                    ltemp1 0082                    ltemp2 0086  
                  ltemp3 0080                    ttemp0 007E                    ttemp1 0081  
                  ttemp2 0084                    ttemp3 0087                    ttemp4 007F  
                  status 0003                    wtemp0 007E                    wtemp1 0080  
                  wtemp2 0082                    wtemp3 0084                    wtemp4 0086  
                  wtemp5 0088                    wtemp6 007F          __initialization 07FA  
           __end_of_main 07FA                   ??_main 0073         __end_of_dataCtrl 079A  
       __end_of_instCtrl 07C4                ??_initLCD 0073  __end_of__initialization 07FC  
         __pcstackCOMMON 0072               __pmaintext 07C4                ?_dataCtrl 0072  
              ?_instCtrl 0072                  __ptext0 0000                  __ptext1 0747  
                __ptext2 079A                  __ptext3 0770                  _initLCD 0747  
             ??_dataCtrl 0072     end_of_initialization 07FC               ??_instCtrl 0072  
           instCtrl@data 0072      start_initialization 07FA              __pbssCOMMON 0070  
              ___latbits 0002        __size_of_dataCtrl 002A        __size_of_instCtrl 002A  
               ?_initLCD 0072                dataCtrl@b 0072                 _dataCtrl 0770  
       __size_of_initLCD 0029            __size_of_main 0036                 _instCtrl 079A  
