

Microchip Technology PIC LITE Macro Assembler V1.33 build 59893 
                                                                                               Mon Mar 16 18:14:11 2026

Microchip Technology Omniscient Code Generator (Lite mode) build 59893
     1                           	processor	16F877A
     2                           	opt	pw 120
     3                           	opt	lm
     4                           	psect	strings,global,class=STRING,delta=2
     5                           	psect	cinit,global,class=CODE,merge=1,delta=2
     6                           	psect	bssCOMMON,global,class=COMMON,space=1,delta=1
     7                           	psect	cstackCOMMON,global,class=COMMON,space=1,delta=1
     8                           	psect	cstackBANK0,global,class=BANK0,space=1,delta=1
     9                           	psect	maintext,global,class=CODE,split=1,delta=2
    10                           	psect	text1,local,class=CODE,merge=1,delta=2
    11                           	psect	text2,local,class=CODE,merge=1,delta=2
    12                           	psect	intentry,global,class=CODE,delta=2
    13                           	dabs	1,0x7E,2
    14  0000                     	;# 
    15  0001                     	;# 
    16  0002                     	;# 
    17  0003                     	;# 
    18  0004                     	;# 
    19  0005                     	;# 
    20  0006                     	;# 
    21  0007                     	;# 
    22  0008                     	;# 
    23  0009                     	;# 
    24  000A                     	;# 
    25  000B                     	;# 
    26  000C                     	;# 
    27  000D                     	;# 
    28  000E                     	;# 
    29  000E                     	;# 
    30  000F                     	;# 
    31  0010                     	;# 
    32  0011                     	;# 
    33  0012                     	;# 
    34  0013                     	;# 
    35  0014                     	;# 
    36  0015                     	;# 
    37  0015                     	;# 
    38  0016                     	;# 
    39  0017                     	;# 
    40  0018                     	;# 
    41  0019                     	;# 
    42  001A                     	;# 
    43  001B                     	;# 
    44  001B                     	;# 
    45  001C                     	;# 
    46  001D                     	;# 
    47  001E                     	;# 
    48  001F                     	;# 
    49  0081                     	;# 
    50  0085                     	;# 
    51  0086                     	;# 
    52  0087                     	;# 
    53  0088                     	;# 
    54  0089                     	;# 
    55  008C                     	;# 
    56  008D                     	;# 
    57  008E                     	;# 
    58  0091                     	;# 
    59  0092                     	;# 
    60  0093                     	;# 
    61  0094                     	;# 
    62  0098                     	;# 
    63  0099                     	;# 
    64  009C                     	;# 
    65  009D                     	;# 
    66  009E                     	;# 
    67  009F                     	;# 
    68  010C                     	;# 
    69  010D                     	;# 
    70  010E                     	;# 
    71  010F                     	;# 
    72  018C                     	;# 
    73  018D                     	;# 
    74                           
    75                           	psect	strings
    76  0097                     __pstrings:	
    77  0097                     stringtab:	
    78  0097                     __stringtab:	
    79  0097                     stringcode:	
    80                           ;	String table - string pointers are 1 byte each
    81                           
    82  0097                     stringdir:	
    83  0097  3000               	movlw	high stringdir
    84  0098  008A               	movwf	10
    85  0099  0804               	movf	4,w
    86  009A  0A84               	incf	4,f
    87  009B  0782               	addwf	2,f
    88  009C                     __stringbase:	
    89  009C  3400               	retlw	0
    90  009D                     __end_of__stringtab:	
    91  009D                     _keyMap:	
    92  009D  3401               	retlw	1
    93  009E  3402               	retlw	2
    94  009F  3403               	retlw	3
    95  00A0  3400               	retlw	0
    96  00A1  3404               	retlw	4
    97  00A2  3405               	retlw	5
    98  00A3  3406               	retlw	6
    99  00A4  3400               	retlw	0
   100  00A5  3407               	retlw	7
   101  00A6  3408               	retlw	8
   102  00A7  3409               	retlw	9
   103  00A8  3400               	retlw	0
   104  00A9  3400               	retlw	0
   105  00AA  3400               	retlw	0
   106  00AB  3400               	retlw	0
   107  00AC  3400               	retlw	0
   108  00AD                     __end_of_keyMap:	
   109  0007                     _PORTC	set	7
   110  0008                     _PORTD	set	8
   111  005F                     _GIE	set	95
   112  005C                     _INTE	set	92
   113  0059                     _INTF	set	89
   114  005D                     _T0IE	set	93
   115  005A                     _T0IF	set	90
   116  0081                     _OPTION_REG	set	129
   117  0086                     _TRISB	set	134
   118  0087                     _TRISC	set	135
   119  0088                     _TRISD	set	136
   120                           
   121                           ; #config settings
   122  0000                     
   123                           	psect	cinit
   124  0015                     start_initialization:	
   125  0015                     __initialization:	
   126                           
   127                           ; Clear objects allocated to COMMON
   128  0015  01F6               	clrf	__pbssCOMMON& (0+127)
   129  0016  01F7               	clrf	(__pbssCOMMON+1)& (0+127)
   130  0017  01F8               	clrf	(__pbssCOMMON+2)& (0+127)
   131  0018                     end_of_initialization:	
   132                           ;End of C runtime variable initialization code
   133                           
   134  0018                     __end_of__initialization:	
   135  0018  0183               	clrf	3
   136  0019  120A  118A  281C   	ljmp	_main	;jump to C main() function
   137                           
   138                           	psect	bssCOMMON
   139  0076                     __pbssCOMMON:	
   140  0076                     _current_count:	
   141  0076                     	ds	1
   142  0077                     _myTMR0IF:	
   143  0077                     	ds	1
   144  0078                     _reset_delay:	
   145  0078                     	ds	1
   146                           
   147                           	psect	cstackCOMMON
   148  0070                     __pcstackCOMMON:	
   149  0070                     ?_ISR:	
   150  0070                     ??_ISR:	
   151                           ; 0 bytes @ 0x0
   152                           
   153  0070                     ?_main:	
   154                           ; 0 bytes @ 0x0
   155                           
   156                           
   157                           ; 0 bytes @ 0x0
   158  0070                     	ds	5
   159  0075                     ISR@raw_key:	
   160                           
   161                           ; 1 bytes @ 0x5
   162  0075                     	ds	1
   163                           
   164                           	psect	cstackBANK0
   165  0020                     __pcstackBANK0:	
   166  0020                     ?_delay:	
   167  0020                     delay@cnt:	
   168                           ; 0 bytes @ 0x0
   169                           
   170                           
   171                           ; 2 bytes @ 0x0
   172  0020                     	ds	2
   173  0022                     ??_delay:	
   174                           
   175                           ; 0 bytes @ 0x2
   176  0022                     	ds	1
   177  0023                     delay@of_count:	
   178                           
   179                           ; 2 bytes @ 0x3
   180  0023                     	ds	2
   181  0025                     ??_main:	
   182                           
   183                           ; 0 bytes @ 0x5
   184  0025                     	ds	1
   185                           
   186                           	psect	maintext
   187  001C                     __pmaintext:	
   188 ;;
   189 ;;Main: autosize = 0, tempsize = 1, incstack = 0, save=0
   190 ;;
   191 ;; *************** function _main *****************
   192 ;; Defined at:
   193 ;;		line 71 in file "C:\Users\ASUS\Downloads\Embedded\PA3\LE3-3.c"
   194 ;; Parameters:    Size  Location     Type
   195 ;;		None
   196 ;; Auto vars:     Size  Location     Type
   197 ;;		None
   198 ;; Return value:  Size  Location     Type
   199 ;;		None               void
   200 ;; Registers used:
   201 ;;		wreg, status,2, status,0, pclath, cstack
   202 ;; Tracked objects:
   203 ;;		On entry : 17F/0
   204 ;;		On exit  : 0/0
   205 ;;		Unchanged: 0/0
   206 ;; Data sizes:     COMMON   BANK0   BANK1   BANK3   BANK2
   207 ;;      Params:         0       0       0       0       0
   208 ;;      Locals:         0       0       0       0       0
   209 ;;      Temps:          0       1       0       0       0
   210 ;;      Totals:         0       1       0       0       0
   211 ;;Total ram usage:        1 bytes
   212 ;; Hardware stack levels required when called:    3
   213 ;; This function calls:
   214 ;;		_delay
   215 ;; This function is called by:
   216 ;;		Startup code after reset
   217 ;; This function uses a non-reentrant model
   218 ;;
   219                           
   220                           
   221                           ;psect for function _main
   222  001C                     _main:	
   223                           
   224                           ;LE3-3.c: 73: TRISB = 0xFF;
   225                           
   226                           ;incstack = 0
   227                           ; Regs used in _main: [wreg+status,2+status,0+pclath+cstack]
   228  001C  30FF               	movlw	255
   229  001D  1683               	bsf	3,5	;RP0=1, select bank1
   230  001E  1303               	bcf	3,6	;RP1=0, select bank1
   231  001F  0086               	movwf	6	;volatile
   232                           
   233                           ;LE3-3.c: 74: TRISC = 0x00;
   234  0020  0187               	clrf	7	;volatile
   235                           
   236                           ;LE3-3.c: 75: TRISD = 0xFF;
   237  0021  30FF               	movlw	255
   238  0022  0088               	movwf	8	;volatile
   239                           
   240                           ;LE3-3.c: 77: PORTC = current_count;
   241  0023  0876               	movf	_current_count,w
   242  0024  1283               	bcf	3,5	;RP0=0, select bank0
   243  0025  1303               	bcf	3,6	;RP1=0, select bank0
   244  0026  0087               	movwf	7	;volatile
   245                           
   246                           ;LE3-3.c: 81: OPTION_REG = 0xC4;
   247  0027  30C4               	movlw	196
   248  0028  1683               	bsf	3,5	;RP0=1, select bank1
   249  0029  1303               	bcf	3,6	;RP1=0, select bank1
   250  002A  0081               	movwf	1	;volatile
   251                           
   252                           ;LE3-3.c: 83: INTF = 0;
   253  002B  108B               	bcf	11,1	;volatile
   254                           
   255                           ;LE3-3.c: 84: INTE = 1;
   256  002C  160B               	bsf	11,4	;volatile
   257                           
   258                           ;LE3-3.c: 86: T0IF = 0;
   259  002D  110B               	bcf	11,2	;volatile
   260                           
   261                           ;LE3-3.c: 87: T0IE = 1;
   262  002E  168B               	bsf	11,5	;volatile
   263                           
   264                           ;LE3-3.c: 89: GIE = 1;
   265  002F  178B               	bsf	11,7	;volatile
   266  0030                     l645:	
   267                           ;LE3-3.c: 92: while(1) {
   268                           
   269                           
   270                           ;LE3-3.c: 95: delay(98);
   271  0030  3062               	movlw	98
   272  0031  1283               	bcf	3,5	;RP0=0, select bank0
   273  0032  00A0               	movwf	delay@cnt
   274  0033  3000               	movlw	0
   275  0034  00A1               	movwf	delay@cnt+1
   276  0035  120A  118A  2047  120A  118A  	fcall	_delay
   277                           
   278                           ;LE3-3.c: 98: current_count++;
   279  003A  3001               	movlw	1
   280  003B  1283               	bcf	3,5	;RP0=0, select bank0
   281  003C  1303               	bcf	3,6	;RP1=0, select bank0
   282  003D  00A5               	movwf	??_main
   283  003E  0825               	movf	??_main,w
   284  003F  07F6               	addwf	_current_count,f
   285                           
   286                           ;LE3-3.c: 101: if (current_count > 9) {
   287  0040  300A               	movlw	10
   288  0041  0276               	subwf	_current_count,w
   289  0042  1803               	btfsc	3,0
   290                           
   291                           ;LE3-3.c: 102: current_count = 0;
   292  0043  01F6               	clrf	_current_count
   293                           
   294                           ;LE3-3.c: 103: }
   295                           ;LE3-3.c: 106: PORTC = current_count;
   296  0044  0876               	movf	_current_count,w
   297  0045  0087               	movwf	7	;volatile
   298  0046  2830               	goto	l645
   299  0047                     __end_of_main:	
   300                           
   301                           	psect	text1
   302  0047                     __ptext1:	
   303 ;; *************** function _delay *****************
   304 ;; Defined at:
   305 ;;		line 51 in file "C:\Users\ASUS\Downloads\Embedded\PA3\LE3-3.c"
   306 ;; Parameters:    Size  Location     Type
   307 ;;  cnt             2    0[BANK0 ] int 
   308 ;; Auto vars:     Size  Location     Type
   309 ;;  of_count        2    3[BANK0 ] int 
   310 ;; Return value:  Size  Location     Type
   311 ;;		None               void
   312 ;; Registers used:
   313 ;;		wreg, status,2
   314 ;; Tracked objects:
   315 ;;		On entry : 0/0
   316 ;;		On exit  : 0/0
   317 ;;		Unchanged: 0/0
   318 ;; Data sizes:     COMMON   BANK0   BANK1   BANK3   BANK2
   319 ;;      Params:         0       2       0       0       0
   320 ;;      Locals:         0       2       0       0       0
   321 ;;      Temps:          0       1       0       0       0
   322 ;;      Totals:         0       5       0       0       0
   323 ;;Total ram usage:        5 bytes
   324 ;; Hardware stack levels used:    1
   325 ;; Hardware stack levels required when called:    2
   326 ;; This function calls:
   327 ;;		Nothing
   328 ;; This function is called by:
   329 ;;		_main
   330 ;; This function uses a non-reentrant model
   331 ;;
   332                           
   333                           
   334                           ;psect for function _delay
   335  0047                     _delay:	
   336                           
   337                           ;LE3-3.c: 52: int of_count = 0;
   338                           
   339                           ;incstack = 0
   340                           ; Regs used in _delay: [wreg+status,2]
   341  0047  1283               	bcf	3,5	;RP0=0, select bank0
   342  0048  1303               	bcf	3,6	;RP1=0, select bank0
   343  0049  01A3               	clrf	delay@of_count
   344  004A  01A4               	clrf	delay@of_count+1
   345  004B                     l623:	
   346                           ;LE3-3.c: 55: while (of_count < cnt) {
   347                           
   348  004B  1283               	bcf	3,5	;RP0=0, select bank0
   349  004C  1303               	bcf	3,6	;RP1=0, select bank0
   350  004D  0824               	movf	delay@of_count+1,w
   351  004E  3A80               	xorlw	128
   352  004F  00A2               	movwf	??_delay
   353  0050  0821               	movf	delay@cnt+1,w
   354  0051  3A80               	xorlw	128
   355  0052  0222               	subwf	??_delay,w
   356  0053  1D03               	skipz
   357  0054  2857               	goto	u135
   358  0055  0820               	movf	delay@cnt,w
   359  0056  0223               	subwf	delay@of_count,w
   360  0057                     u135:	
   361  0057  1803               	btfsc	3,0
   362  0058  0008               	return
   363                           
   364                           ;LE3-3.c: 58: if (reset_delay == 1) {
   365  0059  0878               	movf	_reset_delay,w
   366  005A  3A01               	xorlw	1
   367  005B  1D03               	skipz
   368  005C  2862               	goto	l617
   369                           
   370                           ;LE3-3.c: 59: of_count = 0;
   371  005D  1283               	bcf	3,5	;RP0=0, select bank0
   372  005E  1303               	bcf	3,6	;RP1=0, select bank0
   373  005F  01A3               	clrf	delay@of_count
   374  0060  01A4               	clrf	delay@of_count+1
   375                           
   376                           ;LE3-3.c: 60: reset_delay = 0;
   377  0061  01F8               	clrf	_reset_delay
   378  0062                     l617:	
   379                           
   380                           ;LE3-3.c: 61: }
   381                           ;LE3-3.c: 64: if (myTMR0IF == 1) {
   382  0062  0877               	movf	_myTMR0IF,w
   383  0063  3A01               	xorlw	1
   384  0064  1D03               	skipz
   385  0065  284B               	goto	l623
   386                           
   387                           ;LE3-3.c: 65: of_count++;
   388  0066  3001               	movlw	1
   389  0067  1283               	bcf	3,5	;RP0=0, select bank0
   390  0068  1303               	bcf	3,6	;RP1=0, select bank0
   391  0069  07A3               	addwf	delay@of_count,f
   392  006A  1803               	skipnc
   393  006B  0AA4               	incf	delay@of_count+1,f
   394  006C  3000               	movlw	0
   395  006D  07A4               	addwf	delay@of_count+1,f
   396                           
   397                           ;LE3-3.c: 66: myTMR0IF = 0;
   398  006E  01F7               	clrf	_myTMR0IF
   399  006F  284B               	goto	l623
   400  0070                     __end_of_delay:	
   401                           
   402                           	psect	text2
   403  0070                     __ptext2:	
   404 ;; *************** function _ISR *****************
   405 ;; Defined at:
   406 ;;		line 26 in file "C:\Users\ASUS\Downloads\Embedded\PA3\LE3-3.c"
   407 ;; Parameters:    Size  Location     Type
   408 ;;		None
   409 ;; Auto vars:     Size  Location     Type
   410 ;;  raw_key         1    5[COMMON] unsigned char 
   411 ;; Return value:  Size  Location     Type
   412 ;;		None               void
   413 ;; Registers used:
   414 ;;		wreg, fsr0l, fsr0h, status,2, status,0, pclath
   415 ;; Tracked objects:
   416 ;;		On entry : 0/0
   417 ;;		On exit  : 0/0
   418 ;;		Unchanged: 0/0
   419 ;; Data sizes:     COMMON   BANK0   BANK1   BANK3   BANK2
   420 ;;      Params:         0       0       0       0       0
   421 ;;      Locals:         1       0       0       0       0
   422 ;;      Temps:          5       0       0       0       0
   423 ;;      Totals:         6       0       0       0       0
   424 ;;Total ram usage:        6 bytes
   425 ;; Hardware stack levels used:    2
   426 ;; This function calls:
   427 ;;		Nothing
   428 ;; This function is called by:
   429 ;;		Interrupt level 1
   430 ;; This function uses a non-reentrant model
   431 ;;
   432                           
   433                           
   434                           ;psect for function _ISR
   435  0070                     _ISR:	
   436                           
   437                           ;LE3-3.c: 29: if (INTF == 1) {
   438  0070  1C8B               	btfss	11,1	;volatile
   439  0071  2887               	goto	i1l533
   440                           
   441                           ;LE3-3.c: 30: INTF = 0;
   442  0072  108B               	bcf	11,1	;volatile
   443                           
   444                           ;LE3-3.c: 33: unsigned char raw_key = PORTD & 0x0F;
   445  0073  0808               	movf	8,w	;volatile
   446  0074  390F               	andlw	15
   447  0075  00F0               	movwf	??_ISR
   448  0076  0870               	movf	??_ISR,w
   449  0077  00F5               	movwf	ISR@raw_key
   450                           
   451                           ;LE3-3.c: 34: current_count = keyMap[raw_key];
   452  0078  0875               	movf	ISR@raw_key,w
   453  0079  3E01               	addlw	low (_keyMap-__stringbase)
   454  007A  0084               	movwf	4
   455  007B  120A  118A  2097  120A  118A  	fcall	stringdir
   456  0080  00F0               	movwf	??_ISR
   457  0081  0870               	movf	??_ISR,w
   458  0082  00F6               	movwf	_current_count
   459                           
   460                           ;LE3-3.c: 37: PORTC = current_count;
   461  0083  0876               	movf	_current_count,w
   462  0084  0087               	movwf	7	;volatile
   463                           
   464                           ;LE3-3.c: 40: reset_delay = 1;
   465  0085  01F8               	clrf	_reset_delay
   466  0086  0AF8               	incf	_reset_delay,f
   467  0087                     i1l533:	
   468                           
   469                           ;LE3-3.c: 41: }
   470                           ;LE3-3.c: 44: if (T0IF == 1) {
   471  0087  1D0B               	btfss	11,2	;volatile
   472  0088  288C               	goto	i1l35
   473                           
   474                           ;LE3-3.c: 45: T0IF = 0;
   475  0089  110B               	bcf	11,2	;volatile
   476                           
   477                           ;LE3-3.c: 46: myTMR0IF = 1;
   478  008A  01F7               	clrf	_myTMR0IF
   479  008B  0AF7               	incf	_myTMR0IF,f
   480  008C                     i1l35:	
   481  008C  0874               	movf	??_ISR+4,w
   482  008D  00FF               	movwf	127
   483  008E  0873               	movf	??_ISR+3,w
   484  008F  008A               	movwf	10
   485  0090  0872               	movf	??_ISR+2,w
   486  0091  0084               	movwf	4
   487  0092  0E71               	swapf	(??_ISR+1)^(0+-128),w
   488  0093  0083               	movwf	3
   489  0094  0EFE               	swapf	126,f
   490  0095  0E7E               	swapf	126,w
   491  0096  0009               	retfie
   492  0097                     __end_of_ISR:	
   493  007E                     btemp	set	126	;btemp
   494  007E                     wtemp	set	126
   495  007E                     wtemp0	set	126
   496  0080                     wtemp1	set	128
   497  0082                     wtemp2	set	130
   498  0084                     wtemp3	set	132
   499  0086                     wtemp4	set	134
   500  0088                     wtemp5	set	136
   501  007F                     wtemp6	set	127
   502  007E                     ttemp	set	126
   503  007E                     ttemp0	set	126
   504  0081                     ttemp1	set	129
   505  0084                     ttemp2	set	132
   506  0087                     ttemp3	set	135
   507  007F                     ttemp4	set	127
   508  007E                     ltemp	set	126
   509  007E                     ltemp0	set	126
   510  0082                     ltemp1	set	130
   511  0086                     ltemp2	set	134
   512  0080                     ltemp3	set	128
   513                           
   514                           	psect	intentry
   515  0004                     __pintentry:	
   516                           ;incstack = 0
   517                           ; Regs used in _ISR: [wreg-fsr0h+status,2+status,0+pclath]
   518                           
   519  0004                     interrupt_function:	
   520  007E                     saved_w	set	btemp
   521  0004  00FE               	movwf	btemp
   522  0005  0E03               	swapf	3,w
   523  0006  00F1               	movwf	??_ISR+1
   524  0007  0804               	movf	4,w
   525  0008  00F2               	movwf	??_ISR+2
   526  0009  080A               	movf	10,w
   527  000A  00F3               	movwf	??_ISR+3
   528  000B  1283               	bcf	3,5	;RP0=0, select bank0
   529  000C  1303               	bcf	3,6	;RP1=0, select bank0
   530  000D  087F               	movf	btemp+1,w
   531  000E  00F4               	movwf	??_ISR+4
   532  000F  120A  118A  2870   	ljmp	_ISR


Data Sizes:
    Strings     0
    Constant    16
    Data        0
    BSS         3
    Persistent  0
    Stack       0

Auto Spaces:
    Space          Size  Autos    Used
    COMMON           14      6       9
    BANK0            80      6       6
    BANK1            80      0       0
    BANK3            96      0       0
    BANK2            96      0       0

Pointer List with Targets:

    None.

Critical Paths under _main in COMMON

    None.

Critical Paths under _ISR in COMMON

    None.

Critical Paths under _main in BANK0

    _main->_delay

Critical Paths under _ISR in BANK0

    None.

Critical Paths under _main in BANK1

    None.

Critical Paths under _ISR in BANK1

    None.

Critical Paths under _main in BANK3

    None.

Critical Paths under _ISR in BANK3

    None.

Critical Paths under _main in BANK2

    None.

Critical Paths under _ISR in BANK2

    None.

Call Graph Tables:

 ---------------------------------------------------------------------------------
 (Depth) Function   	        Calls       Base Space   Used Autos Params    Refs
 ---------------------------------------------------------------------------------
 (0) _main                                                 1     1      0     136
                                              5 BANK0      1     1      0
                              _delay
 ---------------------------------------------------------------------------------
 (1) _delay                                                5     3      2     136
                                              0 BANK0      5     3      2
 ---------------------------------------------------------------------------------
 Estimated maximum stack depth 1
 ---------------------------------------------------------------------------------
 (Depth) Function   	        Calls       Base Space   Used Autos Params    Refs
 ---------------------------------------------------------------------------------
 (3) _ISR                                                  6     6      0      15
                                              0 COMMON     6     6      0
 ---------------------------------------------------------------------------------
 Estimated maximum stack depth 3
 ---------------------------------------------------------------------------------

 Call Graph Graphs:

 _main (ROOT)
   _delay

 _ISR (ROOT)

 Address spaces:
Name               Size   Autos  Total    Cost      Usage
BITCOMMON            E      0       0       0        0.0%
EEDATA             100      0       0       0        0.0%
NULL                 0      0       0       0        0.0%
CODE                 0      0       0       0        0.0%
COMMON               E      6       9       1       64.3%
BITSFR0              0      0       0       1        0.0%
SFR0                 0      0       0       1        0.0%
BITSFR1              0      0       0       2        0.0%
SFR1                 0      0       0       2        0.0%
STACK                0      0       0       2        0.0%
ABS                  0      0       F       3        0.0%
BITBANK0            50      0       0       4        0.0%
BITSFR3              0      0       0       4        0.0%
SFR3                 0      0       0       4        0.0%
BANK0               50      6       6       5        7.5%
BITSFR2              0      0       0       5        0.0%
SFR2                 0      0       0       5        0.0%
BITBANK1            50      0       0       6        0.0%
BANK1               50      0       0       7        0.0%
BITBANK3            60      0       0       8        0.0%
BANK3               60      0       0       9        0.0%
BITBANK2            60      0       0      10        0.0%
BANK2               60      0       0      11        0.0%
DATA                 0      0       F      12        0.0%


Microchip Technology PIC Macro Assembler V1.33 build 59893 
Symbol Table                                                                                   Mon Mar 16 18:14:11 2026

                      pc 0002              __CFG_CP$OFF 0000                       fsr 0004  
                    l623 004B                      l617 0062                      l645 0030  
                    _GIE 005F                      u135 0057             __CFG_CPD$OFF 0000  
                    _ISR 0070                      fsr0 0004             __CFG_FOSC$XT 0000  
           __CFG_LVP$OFF 0000                     ?_ISR 0070                     _T0IE 005D  
                   _T0IF 005A                     _INTE 005C                     _INTF 0059  
                   i1l35 008C             __CFG_WRT$OFF 0000                     _main 001C  
                   btemp 007E            __CFG_BOREN$ON 0000                     ltemp 007E  
                   start 0012                     ttemp 007E                     wtemp 007E  
                  ??_ISR 0070                    ?_main 0070            __CFG_WDTE$OFF 0000  
                  i1l533 0087                    _PORTC 0007                    _PORTD 0008  
                  _TRISB 0086                    _TRISC 0087                    _TRISD 0088  
          __CFG_PWRTE$ON 0000                    _delay 0047                    pclath 000A  
                  ltemp0 007E                    ltemp1 0082                    ltemp2 0086  
                  ltemp3 0080                    ttemp0 007E                    ttemp1 0081  
                  ttemp2 0084                    ttemp3 0087                    ttemp4 007F  
                  status 0003                    wtemp0 007E                    wtemp1 0080  
                  wtemp2 0082                    wtemp3 0084                    wtemp4 0086  
                  wtemp5 0088                    wtemp6 007F          __initialization 0015  
           __end_of_main 0047                   ??_main 0025                   ?_delay 0020  
                 _keyMap 009D                   saved_w 007E  __end_of__initialization 0018  
         __pcstackCOMMON 0070            __end_of_delay 0070                  ??_delay 0022  
          _current_count 0076               __pmaintext 001C               __pintentry 0004  
             __stringtab 0097                  __ptext1 0047                  __ptext2 0070  
          delay@of_count 0023             __size_of_ISR 0027     end_of_initialization 0018  
         __end_of_keyMap 00AD      start_initialization 0015              __end_of_ISR 0097  
            __pbssCOMMON 0076                ___latbits 0002            __pcstackBANK0 0020  
             ISR@raw_key 0075                __pstrings 0097           __size_of_delay 0029  
      interrupt_function 0004              __stringbase 009C       __end_of__stringtab 009D  
               _myTMR0IF 0077            __size_of_main 002B                 delay@cnt 0020  
               intlevel1 0000              _reset_delay 0078                stringcode 0097  
             _OPTION_REG 0081                 stringdir 0097                 stringtab 0097  
