

Microchip Technology PIC LITE Macro Assembler V1.33 build 59893 
                                                                                               Mon Mar 16 08:08:12 2026

Microchip Technology Omniscient Code Generator (Lite mode) build 59893
     1                           	processor	16F877A
     2                           	opt	pw 120
     3                           	opt	lm
     4                           	psect	text0,local,class=CODE,merge=1,delta=2
     5                           	psect	cinit,global,class=CODE,merge=1,delta=2
     6                           	psect	bssCOMMON,global,class=COMMON,space=1,delta=1
     7                           	psect	cstackCOMMON,global,class=COMMON,space=1,delta=1
     8                           	psect	maintext,global,class=CODE,split=1,delta=2
     9                           	psect	text1,local,class=CODE,merge=1,delta=2
    10                           	psect	intentry,global,class=CODE,delta=2
    11                           	dabs	1,0x7E,2
    12  0000                     	;# 
    13  0001                     	;# 
    14  0002                     	;# 
    15  0003                     	;# 
    16  0004                     	;# 
    17  0005                     	;# 
    18  0006                     	;# 
    19  0007                     	;# 
    20  0008                     	;# 
    21  0009                     	;# 
    22  000A                     	;# 
    23  000B                     	;# 
    24  000C                     	;# 
    25  000D                     	;# 
    26  000E                     	;# 
    27  000E                     	;# 
    28  000F                     	;# 
    29  0010                     	;# 
    30  0011                     	;# 
    31  0012                     	;# 
    32  0013                     	;# 
    33  0014                     	;# 
    34  0015                     	;# 
    35  0015                     	;# 
    36  0016                     	;# 
    37  0017                     	;# 
    38  0018                     	;# 
    39  0019                     	;# 
    40  001A                     	;# 
    41  001B                     	;# 
    42  001B                     	;# 
    43  001C                     	;# 
    44  001D                     	;# 
    45  001E                     	;# 
    46  001F                     	;# 
    47  0081                     	;# 
    48  0085                     	;# 
    49  0086                     	;# 
    50  0087                     	;# 
    51  0088                     	;# 
    52  0089                     	;# 
    53  008C                     	;# 
    54  008D                     	;# 
    55  008E                     	;# 
    56  0091                     	;# 
    57  0092                     	;# 
    58  0093                     	;# 
    59  0094                     	;# 
    60  0098                     	;# 
    61  0099                     	;# 
    62  009C                     	;# 
    63  009D                     	;# 
    64  009E                     	;# 
    65  009F                     	;# 
    66  010C                     	;# 
    67  010D                     	;# 
    68  010E                     	;# 
    69  010F                     	;# 
    70  018C                     	;# 
    71  018D                     	;# 
    72  0007                     _PORTC	set	7
    73  005F                     _GIE	set	95
    74  005C                     _INTE	set	92
    75  0059                     _INTF	set	89
    76  005D                     _T0IE	set	93
    77  005A                     _T0IF	set	90
    78  0081                     _OPTION_REG	set	129
    79  0086                     _TRISB	set	134
    80  0087                     _TRISC	set	135
    81                           
    82                           	psect	text0
    83  0000                     __ptext0:	
    84                           ; #config settings
    85                           
    86                           
    87                           ;psect for function _ISR
    88  0000                     
    89                           	psect	cinit
    90  0015                     start_initialization:	
    91  0015                     __initialization:	
    92                           
    93                           ; Clear objects allocated to COMMON
    94  0015  01F6               	clrf	__pbssCOMMON& (0+127)
    95  0016  01F7               	clrf	(__pbssCOMMON+1)& (0+127)
    96  0017  01F8               	clrf	(__pbssCOMMON+2)& (0+127)
    97  0018                     end_of_initialization:	
    98                           ;End of C runtime variable initialization code
    99                           
   100  0018                     __end_of__initialization:	
   101  0018  0183               	clrf	3
   102  0019  120A  118A  281C   	ljmp	_main	;jump to C main() function
   103                           
   104                           	psect	bssCOMMON
   105  0076                     __pbssCOMMON:	
   106  0076                     _counter:	
   107  0076                     	ds	1
   108  0077                     _counting_state:	
   109  0077                     	ds	1
   110  0078                     _timer_ticks:	
   111  0078                     	ds	1
   112                           
   113                           	psect	cstackCOMMON
   114  0070                     __pcstackCOMMON:	
   115  0070                     ?_ISR:	
   116  0070                     ??_ISR:	
   117                           ; 0 bytes @ 0x0
   118                           
   119  0070                     ?_main:	
   120                           ; 0 bytes @ 0x0
   121                           
   122                           
   123                           ; 0 bytes @ 0x0
   124  0070                     	ds	5
   125  0075                     ??_main:	
   126                           
   127                           ; 0 bytes @ 0x5
   128  0075                     	ds	1
   129                           
   130                           	psect	maintext
   131  001C                     __pmaintext:	
   132 ;;
   133 ;;Main: autosize = 0, tempsize = 1, incstack = 0, save=0
   134 ;;
   135 ;; *************** function _main *****************
   136 ;; Defined at:
   137 ;;		line 33 in file "C:\Users\ASUS\Downloads\Embedded\LE3-1.c"
   138 ;; Parameters:    Size  Location     Type
   139 ;;		None
   140 ;; Auto vars:     Size  Location     Type
   141 ;;		None
   142 ;; Return value:  Size  Location     Type
   143 ;;		None               void
   144 ;; Registers used:
   145 ;;		wreg, status,2, status,0
   146 ;; Tracked objects:
   147 ;;		On entry : 17F/0
   148 ;;		On exit  : 0/0
   149 ;;		Unchanged: 0/0
   150 ;; Data sizes:     COMMON   BANK0   BANK1   BANK3   BANK2
   151 ;;      Params:         0       0       0       0       0
   152 ;;      Locals:         0       0       0       0       0
   153 ;;      Temps:          1       0       0       0       0
   154 ;;      Totals:         1       0       0       0       0
   155 ;;Total ram usage:        1 bytes
   156 ;; Hardware stack levels required when called:    1
   157 ;; This function calls:
   158 ;;		Nothing
   159 ;; This function is called by:
   160 ;;		Startup code after reset
   161 ;; This function uses a non-reentrant model
   162 ;;
   163                           
   164                           
   165                           ;psect for function _main
   166  001C                     _main:	
   167                           
   168                           ;LE3-1.c: 35: TRISB = 0xFF;
   169                           
   170                           ;incstack = 0
   171                           ; Regs used in _main: [wreg+status,2+status,0]
   172  001C  30FF               	movlw	255
   173  001D  1683               	bsf	3,5	;RP0=1, select bank1
   174  001E  1303               	bcf	3,6	;RP1=0, select bank1
   175  001F  0086               	movwf	6	;volatile
   176                           
   177                           ;LE3-1.c: 36: TRISC = 0x00;
   178  0020  0187               	clrf	7	;volatile
   179                           
   180                           ;LE3-1.c: 37: PORTC = 0x00;
   181  0021  1283               	bcf	3,5	;RP0=0, select bank0
   182  0022  1303               	bcf	3,6	;RP1=0, select bank0
   183  0023  0187               	clrf	7	;volatile
   184                           
   185                           ;LE3-1.c: 41: OPTION_REG = 0xC4;
   186  0024  30C4               	movlw	196
   187  0025  1683               	bsf	3,5	;RP0=1, select bank1
   188  0026  1303               	bcf	3,6	;RP1=0, select bank1
   189  0027  0081               	movwf	1	;volatile
   190                           
   191                           ;LE3-1.c: 44: INTF = 0;
   192  0028  108B               	bcf	11,1	;volatile
   193                           
   194                           ;LE3-1.c: 45: INTE = 1;
   195  0029  160B               	bsf	11,4	;volatile
   196                           
   197                           ;LE3-1.c: 48: T0IF = 0;
   198  002A  110B               	bcf	11,2	;volatile
   199                           
   200                           ;LE3-1.c: 49: T0IE = 1;
   201  002B  168B               	bsf	11,5	;volatile
   202                           
   203                           ;LE3-1.c: 52: GIE = 1;
   204  002C  178B               	bsf	11,7	;volatile
   205  002D                     l32:	
   206                           ;LE3-1.c: 55: while(1) {
   207                           
   208                           
   209                           ;LE3-1.c: 57: if (counting_state == 1) {
   210  002D  0877               	movf	_counting_state,w
   211  002E  3A01               	xorlw	1
   212  002F  1D03               	skipz
   213  0030  282D               	goto	l32
   214                           
   215                           ;LE3-1.c: 60: if (timer_ticks >= 122) {
   216  0031  307A               	movlw	122
   217  0032  0278               	subwf	_timer_ticks,w
   218  0033  1C03               	skipc
   219  0034  282D               	goto	l32
   220                           
   221                           ;LE3-1.c: 61: timer_ticks = 0;
   222  0035  01F8               	clrf	_timer_ticks
   223                           
   224                           ;LE3-1.c: 63: counter++;
   225  0036  3001               	movlw	1
   226  0037  00F5               	movwf	??_main
   227  0038  0875               	movf	??_main,w
   228  0039  07F6               	addwf	_counter,f
   229                           
   230                           ;LE3-1.c: 66: if (counter > 9) {
   231  003A  300A               	movlw	10
   232  003B  0276               	subwf	_counter,w
   233  003C  1803               	btfsc	3,0
   234                           
   235                           ;LE3-1.c: 67: counter = 0;
   236  003D  01F6               	clrf	_counter
   237                           
   238                           ;LE3-1.c: 68: }
   239                           ;LE3-1.c: 71: PORTC = counter;
   240  003E  0876               	movf	_counter,w
   241  003F  1283               	bcf	3,5	;RP0=0, select bank0
   242  0040  1303               	bcf	3,6	;RP1=0, select bank0
   243  0041  0087               	movwf	7	;volatile
   244  0042  282D               	goto	l32
   245  0043                     __end_of_main:	
   246                           
   247                           	psect	text1
   248  0043                     __ptext1:	
   249 ;; *************** function _ISR *****************
   250 ;; Defined at:
   251 ;;		line 18 in file "C:\Users\ASUS\Downloads\Embedded\LE3-1.c"
   252 ;; Parameters:    Size  Location     Type
   253 ;;		None
   254 ;; Auto vars:     Size  Location     Type
   255 ;;		None
   256 ;; Return value:  Size  Location     Type
   257 ;;		None               void
   258 ;; Registers used:
   259 ;;		wreg, status,2, status,0
   260 ;; Tracked objects:
   261 ;;		On entry : 0/0
   262 ;;		On exit  : 0/0
   263 ;;		Unchanged: 0/0
   264 ;; Data sizes:     COMMON   BANK0   BANK1   BANK3   BANK2
   265 ;;      Params:         0       0       0       0       0
   266 ;;      Locals:         0       0       0       0       0
   267 ;;      Temps:          5       0       0       0       0
   268 ;;      Totals:         5       0       0       0       0
   269 ;;Total ram usage:        5 bytes
   270 ;; Hardware stack levels used:    1
   271 ;; This function calls:
   272 ;;		Nothing
   273 ;; This function is called by:
   274 ;;		Interrupt level 1
   275 ;; This function uses a non-reentrant model
   276 ;;
   277                           
   278                           
   279                           ;psect for function _ISR
   280  0043                     _ISR:	
   281                           
   282                           ;LE3-1.c: 21: if (INTF == 1) {
   283  0043  1C8B               	btfss	11,1	;volatile
   284  0044  284A               	goto	i1l501
   285                           
   286                           ;LE3-1.c: 22: INTF = 0;
   287  0045  108B               	bcf	11,1	;volatile
   288                           
   289                           ;LE3-1.c: 23: counting_state ^= 1;
   290  0046  3001               	movlw	1
   291  0047  00F0               	movwf	??_ISR
   292  0048  0870               	movf	??_ISR,w
   293  0049  06F7               	xorwf	_counting_state,f
   294  004A                     i1l501:	
   295                           
   296                           ;LE3-1.c: 24: }
   297                           ;LE3-1.c: 27: if (T0IF == 1) {
   298  004A  1D0B               	btfss	11,2	;volatile
   299  004B  2851               	goto	i1l29
   300                           
   301                           ;LE3-1.c: 28: T0IF = 0;
   302  004C  110B               	bcf	11,2	;volatile
   303                           
   304                           ;LE3-1.c: 29: timer_ticks++;
   305  004D  3001               	movlw	1
   306  004E  00F0               	movwf	??_ISR
   307  004F  0870               	movf	??_ISR,w
   308  0050  07F8               	addwf	_timer_ticks,f
   309  0051                     i1l29:	
   310  0051  0874               	movf	??_ISR+4,w
   311  0052  00FF               	movwf	127
   312  0053  0873               	movf	??_ISR+3,w
   313  0054  008A               	movwf	10
   314  0055  0872               	movf	??_ISR+2,w
   315  0056  0084               	movwf	4
   316  0057  0E71               	swapf	(??_ISR+1)^(0+-128),w
   317  0058  0083               	movwf	3
   318  0059  0EFE               	swapf	126,f
   319  005A  0E7E               	swapf	126,w
   320  005B  0009               	retfie
   321  005C                     __end_of_ISR:	
   322  007E                     btemp	set	126	;btemp
   323  007E                     wtemp	set	126
   324  007E                     wtemp0	set	126
   325  0080                     wtemp1	set	128
   326  0082                     wtemp2	set	130
   327  0084                     wtemp3	set	132
   328  0086                     wtemp4	set	134
   329  0088                     wtemp5	set	136
   330  007F                     wtemp6	set	127
   331  007E                     ttemp	set	126
   332  007E                     ttemp0	set	126
   333  0081                     ttemp1	set	129
   334  0084                     ttemp2	set	132
   335  0087                     ttemp3	set	135
   336  007F                     ttemp4	set	127
   337  007E                     ltemp	set	126
   338  007E                     ltemp0	set	126
   339  0082                     ltemp1	set	130
   340  0086                     ltemp2	set	134
   341  0080                     ltemp3	set	128
   342                           
   343                           	psect	intentry
   344  0004                     __pintentry:	
   345                           ;incstack = 0
   346                           ; Regs used in _ISR: [wreg+status,2+status,0]
   347                           
   348  0004                     interrupt_function:	
   349  007E                     saved_w	set	btemp
   350  0004  00FE               	movwf	btemp
   351  0005  0E03               	swapf	3,w
   352  0006  00F1               	movwf	??_ISR+1
   353  0007  0804               	movf	4,w
   354  0008  00F2               	movwf	??_ISR+2
   355  0009  080A               	movf	10,w
   356  000A  00F3               	movwf	??_ISR+3
   357  000B  1283               	bcf	3,5	;RP0=0, select bank0
   358  000C  1303               	bcf	3,6	;RP1=0, select bank0
   359  000D  087F               	movf	btemp+1,w
   360  000E  00F4               	movwf	??_ISR+4
   361  000F  120A  118A  2843   	ljmp	_ISR


Data Sizes:
    Strings     0
    Constant    0
    Data        0
    BSS         3
    Persistent  0
    Stack       0

Auto Spaces:
    Space          Size  Autos    Used
    COMMON           14      6       9
    BANK0            80      0       0
    BANK1            80      0       0
    BANK3            96      0       0
    BANK2            96      0       0

Pointer List with Targets:

    None.

Critical Paths under _main in COMMON

    None.

Critical Paths under _ISR in COMMON

    None.

Critical Paths under _main in BANK0

    None.

Critical Paths under _ISR in BANK0

    None.

Critical Paths under _main in BANK1

    None.

Critical Paths under _ISR in BANK1

    None.

Critical Paths under _main in BANK3

    None.

Critical Paths under _ISR in BANK3

    None.

Critical Paths under _main in BANK2

    None.

Critical Paths under _ISR in BANK2

    None.

Call Graph Tables:

 ---------------------------------------------------------------------------------
 (Depth) Function   	        Calls       Base Space   Used Autos Params    Refs
 ---------------------------------------------------------------------------------
 (0) _main                                                 1     1      0       0
                                              5 COMMON     1     1      0
 ---------------------------------------------------------------------------------
 Estimated maximum stack depth 0
 ---------------------------------------------------------------------------------
 (Depth) Function   	        Calls       Base Space   Used Autos Params    Refs
 ---------------------------------------------------------------------------------
 (1) _ISR                                                  5     5      0       0
                                              0 COMMON     5     5      0
 ---------------------------------------------------------------------------------
 Estimated maximum stack depth 1
 ---------------------------------------------------------------------------------

 Call Graph Graphs:

 _main (ROOT)

 _ISR (ROOT)

 Address spaces:
Name               Size   Autos  Total    Cost      Usage
BITCOMMON            E      0       0       0        0.0%
EEDATA             100      0       0       0        0.0%
NULL                 0      0       0       0        0.0%
CODE                 0      0       0       0        0.0%
COMMON               E      6       9       1       64.3%
BITSFR0              0      0       0       1        0.0%
SFR0                 0      0       0       1        0.0%
BITSFR1              0      0       0       2        0.0%
SFR1                 0      0       0       2        0.0%
STACK                0      0       0       2        0.0%
ABS                  0      0       9       3        0.0%
BITBANK0            50      0       0       4        0.0%
BITSFR3              0      0       0       4        0.0%
SFR3                 0      0       0       4        0.0%
BANK0               50      0       0       5        0.0%
BITSFR2              0      0       0       5        0.0%
SFR2                 0      0       0       5        0.0%
BITBANK1            50      0       0       6        0.0%
BANK1               50      0       0       7        0.0%
BITBANK3            60      0       0       8        0.0%
BANK3               60      0       0       9        0.0%
BITBANK2            60      0       0      10        0.0%
BANK2               60      0       0      11        0.0%
DATA                 0      0       9      12        0.0%


Microchip Technology PIC Macro Assembler V1.33 build 59893 
Symbol Table                                                                                   Mon Mar 16 08:08:12 2026

            __CFG_CP$OFF 0000                       l32 002D                      _GIE 005F  
           __CFG_CPD$OFF 0000                      _ISR 0043                      fsr0 0004  
           __CFG_FOSC$XT 0000             __CFG_LVP$OFF 0000                     ?_ISR 0070  
                   _T0IE 005D                     _T0IF 005A                     _INTE 005C  
                   _INTF 0059                     i1l29 0051             __CFG_WRT$OFF 0000  
                   _main 001C                     btemp 007E            __CFG_BOREN$ON 0000  
                   ltemp 007E                     start 0012                     ttemp 007E  
                   wtemp 007E                    ??_ISR 0070                    ?_main 0070  
          __CFG_WDTE$OFF 0000                    i1l501 004A                    _PORTC 0007  
                  _TRISB 0086                    _TRISC 0087            __CFG_PWRTE$ON 0000  
                  pclath 000A                    ltemp0 007E                    ltemp1 0082  
                  ltemp2 0086                    ltemp3 0080                    ttemp0 007E  
                  ttemp1 0081                    ttemp2 0084                    ttemp3 0087  
                  ttemp4 007F                    status 0003                    wtemp0 007E  
                  wtemp1 0080                    wtemp2 0082                    wtemp3 0084  
                  wtemp4 0086                    wtemp5 0088                    wtemp6 007F  
        __initialization 0015             __end_of_main 0043                   ??_main 0075  
                 saved_w 007E  __end_of__initialization 0018           __pcstackCOMMON 0070  
             __pmaintext 001C               __pintentry 0004           _counting_state 0077  
                __ptext0 0000                  __ptext1 0043             __size_of_ISR 0019  
                _counter 0076     end_of_initialization 0018      start_initialization 0015  
            __end_of_ISR 005C              __pbssCOMMON 0076                ___latbits 0002  
      interrupt_function 0004            __size_of_main 0027                 intlevel1 0000  
             _OPTION_REG 0081              _timer_ticks 0078  
